This is pdfTeX, Version 3.14159265-2.6-1.40.21 (MiKTeX 20.11) (preloaded format=pdflatex 2020.11.5)  27 APR 2021 10:51
entering extended mode
**./Literature_Review_Motion_Prediction_Rutger_Dirks.tex
(Literature_Review_Motion_Prediction_Rutger_Dirks.tex
LaTeX2e <2020-10-01> patch level 2
L3 programming layer <2020-10-27> xparse <2020-03-03>
(C:\Users\rutge\AppData\Local\Programs\MiKTeX\tex/latex/base\article.cls
Document Class: article 2020/04/10 v1.4m Standard LaTeX document class
(C:\Users\rutge\AppData\Local\Programs\MiKTeX\tex/latex/base\size10.clo
File: size10.clo 2020/04/10 v1.4m Standard LaTeX file (size option)
)
\c@part=\count175
\c@section=\count176
\c@subsection=\count177
\c@subsubsection=\count178
\c@paragraph=\count179
\c@subparagraph=\count180
\c@figure=\count181
\c@table=\count182
\abovecaptionskip=\skip47
\belowcaptionskip=\skip48
\bibindent=\dimen138
)
(C:\Users\rutge\AppData\Local\Programs\MiKTeX\tex/generic/babel\babel.sty
Package: babel 2020/10/27 3.51 The Babel package

(C:\Users\rutge\AppData\Local\Programs\MiKTeX\tex/generic/babel\babel.def
File: babel.def 2020/10/27 3.51 Babel common definitions
\babel@savecnt=\count183
\U@D=\dimen139
\l@babelnohyphens=\language79

(C:\Users\rutge\AppData\Local\Programs\MiKTeX\tex/generic/babel\txtbabel.def)
\bbl@readstream=\read2
)
\bbl@dirlevel=\count184

*************************************
* Local config file bblopts.cfg used
*
(C:\Users\rutge\AppData\Local\Programs\MiKTeX\tex/latex/arabi\bblopts.cfg
File: bblopts.cfg 2005/09/08 v0.1 add Arabic and Farsi to "declared" options of
 babel
)
(C:\Users\rutge\AppData\Local\Programs\MiKTeX\tex/latex/babel-english\english.l
df
Language: english 2017/06/06 v3.3r English support from the babel system
Package babel Info: \l@canadian = using hyphenrules for english
(babel)             (\language0) on input line 102.
Package babel Info: \l@australian = using hyphenrules for ukenglish
(babel)             (\language73) on input line 105.
Package babel Info: \l@newzealand = using hyphenrules for ukenglish
(babel)             (\language73) on input line 108.
)) (C:\Users\rutge\AppData\Local\Programs\MiKTeX\tex/latex/base\inputenc.sty
Package: inputenc 2020/08/01 v1.3d Input encoding file
\inpenc@prehook=\toks15
\inpenc@posthook=\toks16

(C:\Users\rutge\AppData\Local\Programs\MiKTeX\tex/latex/ucs\utf8x.def
File: utf8x.def 2004/10/17 UCS: Input encoding UTF-8
))
(C:\Users\rutge\AppData\Local\Programs\MiKTeX\tex/latex/ucs\ucs.sty
Package: ucs 2013/05/11 v2.2 UCS: Unicode input support

(C:\Users\rutge\AppData\Local\Programs\MiKTeX\tex/latex/ucs\uni-global.def
File: uni-global.def 2013/05/13 UCS: Unicode global data
)
\uc@secondtry=\count185
\uc@combtoks=\toks17
\uc@combtoksb=\toks18
\uc@temptokena=\toks19
)
(C:\Users\rutge\AppData\Local\Programs\MiKTeX\tex/latex/base\fontenc.sty
Package: fontenc 2020/08/10 v2.0s Standard LaTeX package
)
(C:\Users\rutge\AppData\Local\Programs\MiKTeX\tex/latex/eurosym\eurosym.sty
Package: eurosym 1998/08/06 v1.1 European currency symbol ``Euro''
\@eurobox=\box47
)
(C:\Users\rutge\AppData\Local\Programs\MiKTeX\tex/latex/listings\listings.sty
(C:\Users\rutge\AppData\Local\Programs\MiKTeX\tex/latex/graphics\keyval.sty
Package: keyval 2014/10/28 v1.15 key=value parser (DPC)
\KV@toks@=\toks20
)
\lst@mode=\count186
\lst@gtempboxa=\box48
\lst@token=\toks21
\lst@length=\count187
\lst@currlwidth=\dimen140
\lst@column=\count188
\lst@pos=\count189
\lst@lostspace=\dimen141
\lst@width=\dimen142
\lst@newlines=\count190
\lst@lineno=\count191
\lst@maxwidth=\dimen143

(C:\Users\rutge\AppData\Local\Programs\MiKTeX\tex/latex/listings\lstmisc.sty
File: lstmisc.sty 2020/03/24 1.8d (Carsten Heinz)
\c@lstnumber=\count192
\lst@skipnumbers=\count193
\lst@framebox=\box49
)
(C:\Users\rutge\AppData\Local\Programs\MiKTeX\tex/latex/listings\listings.cfg
File: listings.cfg 2020/03/24 1.8d listings configuration
))
Package: listings 2020/03/24 1.8d (Carsten Heinz)
(C:\Users\rutge\AppData\Local\Programs\MiKTeX\tex/latex/siunitx\siunitx.sty
(C:\Users\rutge\AppData\Local\Programs\MiKTeX\tex/latex/l3kernel\expl3.sty
Package: expl3 2020-10-27 L3 programming layer (loader) 

(C:\Users\rutge\AppData\Local\Programs\MiKTeX\tex/latex/l3backend\l3backend-pdf
tex.def
File: l3backend-pdftex.def 2020-09-24 L3 backend support: PDF output (pdfTeX)
\l__kernel_color_stack_int=\count194
\l__pdf_internal_box=\box50
))
(C:\Users\rutge\AppData\Local\Programs\MiKTeX\tex/latex/l3packages/xparse\xpars
e.sty
Package: xparse 2020-10-27 L3 Experimental document command parser

(C:\Users\rutge\AppData\Local\Programs\MiKTeX\tex/latex/l3packages/xparse\xpars
e-generic.tex))
Package: siunitx 2020/02/25 v2.8b A comprehensive (SI) units package

(C:\Users\rutge\AppData\Local\Programs\MiKTeX\tex/latex/amsmath\amstext.sty
Package: amstext 2000/06/29 v2.01 AMS text

(C:\Users\rutge\AppData\Local\Programs\MiKTeX\tex/latex/amsmath\amsgen.sty
File: amsgen.sty 1999/11/30 v2.0 generic functions
\@emptytoks=\toks22
\ex@=\dimen144
))
(C:\Users\rutge\AppData\Local\Programs\MiKTeX\tex/latex/tools\array.sty
Package: array 2019/08/31 v2.4l Tabular extension package (FMi)
\col@sep=\dimen145
\ar@mcellbox=\box51
\extrarowheight=\dimen146
\NC@list=\toks23
\extratabsurround=\skip49
\backup@length=\skip50
\ar@cellbox=\box52
)
(C:\Users\rutge\AppData\Local\Programs\MiKTeX\tex/latex/l3packages/l3keys2e\l3k
eys2e.sty
Package: l3keys2e 2020-10-27 LaTeX2e option processing using LaTeX3 keys
)
\l__siunitx_tmp_box=\box53
\l__siunitx_tmp_dim=\dimen147
\l__siunitx_tmp_int=\count195
\l__siunitx_number_mantissa_length_int=\count196
\l__siunitx_number_uncert_length_int=\count197
\l__siunitx_round_int=\count198
\l__siunitx_process_decimal_int=\count199
\l__siunitx_process_uncertainty_int=\count266
\l__siunitx_process_fixed_int=\count267
\l__siunitx_process_integer_min_int=\count268
\l__siunitx_process_precision_int=\count269
\l__siunitx_group_min_int=\count270
\l__siunitx_angle_marker_box=\box54
\l__siunitx_angle_unit_box=\box55
\l__siunitx_angle_marker_dim=\dimen148
\l__siunitx_angle_unit_dim=\dimen149
\l__siunitx_unit_int=\count271
\l__siunitx_unit_denominator_int=\count272
\l__siunitx_unit_numerator_int=\count273
\l__siunitx_unit_prefix_int=\count274
\l__siunitx_unit_prefix_base_int=\count275
\l__siunitx_unit_prefix_gram_int=\count276
\l__siunitx_number_product_int=\count277
\c__siunitx_one_fill_skip=\skip51
\l__siunitx_table_unit_align_skip=\skip52
\l__siunitx_table_exponent_dim=\dimen150
\l__siunitx_table_integer_dim=\dimen151
\l__siunitx_table_mantissa_dim=\dimen152
\l__siunitx_table_marker_dim=\dimen153
\l__siunitx_table_result_dim=\dimen154
\l__siunitx_table_uncert_dim=\dimen155
\l__siunitx_table_fill_pre_dim=\dimen156
\l__siunitx_table_fill_post_dim=\dimen157
\l__siunitx_table_fill_mid_dim=\dimen158
\l__siunitx_table_pre_box=\box56
\l__siunitx_table_post_box=\box57
\l__siunitx_table_mantissa_box=\box58
\l__siunitx_table_result_box=\box59
\l__siunitx_table_number_align_skip=\skip53
\l__siunitx_table_text_align_skip=\skip54

(C:\Users\rutge\AppData\Local\Programs\MiKTeX\tex/latex/translator\translator.s
ty
Package: translator 2020-08-03 v1.12c Easy translation of strings in LaTeX
))
(C:\Users\rutge\AppData\Local\Programs\MiKTeX\tex/latex/listings\lstlang1.sty
File: lstlang1.sty 2020/03/24 1.8d listings language file
)
(C:\Users\rutge\AppData\Local\Programs\MiKTeX\tex/latex/listings\lstlang1.sty
File: lstlang1.sty 2020/03/24 1.8d listings language file
)
(C:\Users\rutge\AppData\Local\Programs\MiKTeX\tex/latex/listings\lstmisc.sty
File: lstmisc.sty 2020/03/24 1.8d (Carsten Heinz)
)
(C:\Users\rutge\AppData\Local\Programs\MiKTeX\tex/latex/geometry\geometry.sty
Package: geometry 2020/01/02 v5.9 Page Geometry

(C:\Users\rutge\AppData\Local\Programs\MiKTeX\tex/generic/iftex\ifvtex.sty
Package: ifvtex 2019/10/25 v1.7 ifvtex legacy package. Use iftex instead.

(C:\Users\rutge\AppData\Local\Programs\MiKTeX\tex/generic/iftex\iftex.sty
Package: iftex 2020/03/06 v1.0d TeX engine tests
))
\Gm@cnth=\count278
\Gm@cntv=\count279
\c@Gm@tempcnt=\count280
\Gm@bindingoffset=\dimen159
\Gm@wd@mp=\dimen160
\Gm@odd@mp=\dimen161
\Gm@even@mp=\dimen162
\Gm@layoutwidth=\dimen163
\Gm@layoutheight=\dimen164
\Gm@layouthoffset=\dimen165
\Gm@layoutvoffset=\dimen166
\Gm@dimlist=\toks24

(C:\Users\rutge\AppData\Local\Programs\MiKTeX\tex/latex/geometry\geometry.cfg))
(C:\Users\rutge\AppData\Local\Programs\MiKTeX\tex/latex/amsmath\amsmath.sty
Package: amsmath 2020/09/23 v2.17i AMS math features
\@mathmargin=\skip55

For additional information on amsmath, use the `?' option.
(C:\Users\rutge\AppData\Local\Programs\MiKTeX\tex/latex/amsmath\amsbsy.sty
Package: amsbsy 1999/11/29 v1.2d Bold Symbols
\pmbraise@=\dimen167
)
(C:\Users\rutge\AppData\Local\Programs\MiKTeX\tex/latex/amsmath\amsopn.sty
Package: amsopn 2016/03/08 v2.02 operator names
)
\inf@bad=\count281
LaTeX Info: Redefining \frac on input line 234.
\uproot@=\count282
\leftroot@=\count283
LaTeX Info: Redefining \overline on input line 399.
\classnum@=\count284
\DOTSCASE@=\count285
LaTeX Info: Redefining \ldots on input line 496.
LaTeX Info: Redefining \dots on input line 499.
LaTeX Info: Redefining \cdots on input line 620.
\Mathstrutbox@=\box60
\strutbox@=\box61
\big@size=\dimen168
LaTeX Font Info:    Redeclaring font encoding OML on input line 743.
LaTeX Font Info:    Redeclaring font encoding OMS on input line 744.
\macc@depth=\count286
\c@MaxMatrixCols=\count287
\dotsspace@=\muskip16
\c@parentequation=\count288
\dspbrk@lvl=\count289
\tag@help=\toks25
\row@=\count290
\column@=\count291
\maxfields@=\count292
\andhelp@=\toks26
\eqnshift@=\dimen169
\alignsep@=\dimen170
\tagshift@=\dimen171
\tagwidth@=\dimen172
\totwidth@=\dimen173
\lineht@=\dimen174
\@envbody=\toks27
\multlinegap=\skip56
\multlinetaggap=\skip57
\mathdisplay@stack=\toks28
LaTeX Info: Redefining \[ on input line 2923.
LaTeX Info: Redefining \] on input line 2924.
)
(C:\Users\rutge\AppData\Local\Programs\MiKTeX\tex/latex/graphics\graphicx.sty
Package: graphicx 2020/09/09 v1.2b Enhanced LaTeX Graphics (DPC,SPQR)

(C:\Users\rutge\AppData\Local\Programs\MiKTeX\tex/latex/graphics\graphics.sty
Package: graphics 2020/08/30 v1.4c Standard LaTeX Graphics (DPC,SPQR)

(C:\Users\rutge\AppData\Local\Programs\MiKTeX\tex/latex/graphics\trig.sty
Package: trig 2016/01/03 v1.10 sin cos tan (DPC)
)
(C:\Users\rutge\AppData\Local\Programs\MiKTeX\tex/latex/graphics-cfg\graphics.c
fg
File: graphics.cfg 2016/06/04 v1.11 sample graphics configuration
)
Package graphics Info: Driver file: pdftex.def on input line 105.

(C:\Users\rutge\AppData\Local\Programs\MiKTeX\tex/latex/graphics-def\pdftex.def
File: pdftex.def 2020/10/05 v1.2a Graphics/color driver for pdftex
))
\Gin@req@height=\dimen175
\Gin@req@width=\dimen176
)
(C:\Users\rutge\AppData\Local\Programs\MiKTeX\tex/latex/todonotes\todonotes.sty
Package: todonotes 2020/08/18 v1.1.3 Todonotes source and documentation.
Package: todonotes 2018/11/22
(C:\Users\rutge\AppData\Local\Programs\MiKTeX\tex/latex/base\ifthen.sty
Package: ifthen 2014/09/29 v1.1c Standard LaTeX ifthen package (DPC)
)
(C:\Users\rutge\AppData\Local\Programs\MiKTeX\tex/latex/xkeyval\xkeyval.sty
Package: xkeyval 2014/12/03 v2.7a package option processing (HA)

(C:\Users\rutge\AppData\Local\Programs\MiKTeX\tex/generic/xkeyval\xkeyval.tex
(C:\Users\rutge\AppData\Local\Programs\MiKTeX\tex/generic/xkeyval\xkvutils.tex
\XKV@toks=\toks29
\XKV@tempa@toks=\toks30
)
\XKV@depth=\count293
File: xkeyval.tex 2014/12/03 v2.7a key=value parser (HA)
)) (C:\Users\rutge\AppData\Local\Programs\MiKTeX\tex/latex/xcolor\xcolor.sty
Package: xcolor 2016/05/11 v2.12 LaTeX color extensions (UK)

(C:\Users\rutge\AppData\Local\Programs\MiKTeX\tex/latex/graphics-cfg\color.cfg
File: color.cfg 2016/01/02 v1.6 sample color configuration
)
Package xcolor Info: Driver file: pdftex.def on input line 225.
Package xcolor Info: Model `cmy' substituted by `cmy0' on input line 1348.
Package xcolor Info: Model `hsb' substituted by `rgb' on input line 1352.
Package xcolor Info: Model `RGB' extended on input line 1364.
Package xcolor Info: Model `HTML' substituted by `rgb' on input line 1366.
Package xcolor Info: Model `Hsb' substituted by `hsb' on input line 1367.
Package xcolor Info: Model `tHsb' substituted by `hsb' on input line 1368.
Package xcolor Info: Model `HSB' substituted by `hsb' on input line 1369.
Package xcolor Info: Model `Gray' substituted by `gray' on input line 1370.
Package xcolor Info: Model `wave' substituted by `hsb' on input line 1371.
)
(C:\Users\rutge\AppData\Local\Programs\MiKTeX\tex/latex/pgf/frontendlayer\tikz.
sty
(C:\Users\rutge\AppData\Local\Programs\MiKTeX\tex/latex/pgf/basiclayer\pgf.sty
(C:\Users\rutge\AppData\Local\Programs\MiKTeX\tex/latex/pgf/utilities\pgfrcs.st
y
(C:\Users\rutge\AppData\Local\Programs\MiKTeX\tex/generic/pgf/utilities\pgfutil
-common.tex
\pgfutil@everybye=\toks31
\pgfutil@tempdima=\dimen177
\pgfutil@tempdimb=\dimen178

(C:\Users\rutge\AppData\Local\Programs\MiKTeX\tex/generic/pgf/utilities\pgfutil
-common-lists.tex))
(C:\Users\rutge\AppData\Local\Programs\MiKTeX\tex/generic/pgf/utilities\pgfutil
-latex.def
\pgfutil@abb=\box62
)
(C:\Users\rutge\AppData\Local\Programs\MiKTeX\tex/generic/pgf/utilities\pgfrcs.
code.tex
(C:\Users\rutge\AppData\Local\Programs\MiKTeX\tex/generic/pgf\pgf.revision.tex)
Package: pgfrcs 2020/10/01 v3.1.6a (3.1.6a)
))
Package: pgf 2020/10/01 v3.1.6a (3.1.6a)

(C:\Users\rutge\AppData\Local\Programs\MiKTeX\tex/latex/pgf/basiclayer\pgfcore.
sty
(C:\Users\rutge\AppData\Local\Programs\MiKTeX\tex/latex/pgf/systemlayer\pgfsys.
sty
(C:\Users\rutge\AppData\Local\Programs\MiKTeX\tex/generic/pgf/systemlayer\pgfsy
s.code.tex
Package: pgfsys 2020/10/01 v3.1.6a (3.1.6a)

(C:\Users\rutge\AppData\Local\Programs\MiKTeX\tex/generic/pgf/utilities\pgfkeys
.code.tex
\pgfkeys@pathtoks=\toks32
\pgfkeys@temptoks=\toks33

(C:\Users\rutge\AppData\Local\Programs\MiKTeX\tex/generic/pgf/utilities\pgfkeys
filtered.code.tex
\pgfkeys@tmptoks=\toks34
))
\pgf@x=\dimen179
\pgf@y=\dimen180
\pgf@xa=\dimen181
\pgf@ya=\dimen182
\pgf@xb=\dimen183
\pgf@yb=\dimen184
\pgf@xc=\dimen185
\pgf@yc=\dimen186
\pgf@xd=\dimen187
\pgf@yd=\dimen188
\w@pgf@writea=\write3
\r@pgf@reada=\read3
\c@pgf@counta=\count294
\c@pgf@countb=\count295
\c@pgf@countc=\count296
\c@pgf@countd=\count297
\t@pgf@toka=\toks35
\t@pgf@tokb=\toks36
\t@pgf@tokc=\toks37
\pgf@sys@id@count=\count298

(C:\Users\rutge\AppData\Local\Programs\MiKTeX\tex/generic/pgf/systemlayer\pgf.c
fg
File: pgf.cfg 2020/10/01 v3.1.6a (3.1.6a)
)
Driver file for pgf: pgfsys-pdftex.def

(C:\Users\rutge\AppData\Local\Programs\MiKTeX\tex/generic/pgf/systemlayer\pgfsy
s-pdftex.def
File: pgfsys-pdftex.def 2020/10/01 v3.1.6a (3.1.6a)

(C:\Users\rutge\AppData\Local\Programs\MiKTeX\tex/generic/pgf/systemlayer\pgfsy
s-common-pdf.def
File: pgfsys-common-pdf.def 2020/10/01 v3.1.6a (3.1.6a)
)))
(C:\Users\rutge\AppData\Local\Programs\MiKTeX\tex/generic/pgf/systemlayer\pgfsy
ssoftpath.code.tex
File: pgfsyssoftpath.code.tex 2020/10/01 v3.1.6a (3.1.6a)
\pgfsyssoftpath@smallbuffer@items=\count299
\pgfsyssoftpath@bigbuffer@items=\count300
)
(C:\Users\rutge\AppData\Local\Programs\MiKTeX\tex/generic/pgf/systemlayer\pgfsy
sprotocol.code.tex
File: pgfsysprotocol.code.tex 2020/10/01 v3.1.6a (3.1.6a)
))
(C:\Users\rutge\AppData\Local\Programs\MiKTeX\tex/generic/pgf/basiclayer\pgfcor
e.code.tex
Package: pgfcore 2020/10/01 v3.1.6a (3.1.6a)

(C:\Users\rutge\AppData\Local\Programs\MiKTeX\tex/generic/pgf/math\pgfmath.code
.tex
(C:\Users\rutge\AppData\Local\Programs\MiKTeX\tex/generic/pgf/math\pgfmathcalc.
code.tex
(C:\Users\rutge\AppData\Local\Programs\MiKTeX\tex/generic/pgf/math\pgfmathutil.
code.tex)
(C:\Users\rutge\AppData\Local\Programs\MiKTeX\tex/generic/pgf/math\pgfmathparse
r.code.tex
\pgfmath@dimen=\dimen189
\pgfmath@count=\count301
\pgfmath@box=\box63
\pgfmath@toks=\toks38
\pgfmath@stack@operand=\toks39
\pgfmath@stack@operation=\toks40
)
(C:\Users\rutge\AppData\Local\Programs\MiKTeX\tex/generic/pgf/math\pgfmathfunct
ions.code.tex
(C:\Users\rutge\AppData\Local\Programs\MiKTeX\tex/generic/pgf/math\pgfmathfunct
ions.basic.code.tex)
(C:\Users\rutge\AppData\Local\Programs\MiKTeX\tex/generic/pgf/math\pgfmathfunct
ions.trigonometric.code.tex)
(C:\Users\rutge\AppData\Local\Programs\MiKTeX\tex/generic/pgf/math\pgfmathfunct
ions.random.code.tex)
(C:\Users\rutge\AppData\Local\Programs\MiKTeX\tex/generic/pgf/math\pgfmathfunct
ions.comparison.code.tex)
(C:\Users\rutge\AppData\Local\Programs\MiKTeX\tex/generic/pgf/math\pgfmathfunct
ions.base.code.tex)
(C:\Users\rutge\AppData\Local\Programs\MiKTeX\tex/generic/pgf/math\pgfmathfunct
ions.round.code.tex)
(C:\Users\rutge\AppData\Local\Programs\MiKTeX\tex/generic/pgf/math\pgfmathfunct
ions.misc.code.tex)
(C:\Users\rutge\AppData\Local\Programs\MiKTeX\tex/generic/pgf/math\pgfmathfunct
ions.integerarithmetics.code.tex)))
(C:\Users\rutge\AppData\Local\Programs\MiKTeX\tex/generic/pgf/math\pgfmathfloat
.code.tex
\c@pgfmathroundto@lastzeros=\count302
))
(C:\Users\rutge\AppData\Local\Programs\MiKTeX\tex/generic/pgf/math\pgfint.code.
tex)
(C:\Users\rutge\AppData\Local\Programs\MiKTeX\tex/generic/pgf/basiclayer\pgfcor
epoints.code.tex
File: pgfcorepoints.code.tex 2020/10/01 v3.1.6a (3.1.6a)
\pgf@picminx=\dimen190
\pgf@picmaxx=\dimen191
\pgf@picminy=\dimen192
\pgf@picmaxy=\dimen193
\pgf@pathminx=\dimen194
\pgf@pathmaxx=\dimen195
\pgf@pathminy=\dimen196
\pgf@pathmaxy=\dimen197
\pgf@xx=\dimen198
\pgf@xy=\dimen199
\pgf@yx=\dimen256
\pgf@yy=\dimen257
\pgf@zx=\dimen258
\pgf@zy=\dimen259
)
(C:\Users\rutge\AppData\Local\Programs\MiKTeX\tex/generic/pgf/basiclayer\pgfcor
epathconstruct.code.tex
File: pgfcorepathconstruct.code.tex 2020/10/01 v3.1.6a (3.1.6a)
\pgf@path@lastx=\dimen260
\pgf@path@lasty=\dimen261
)
(C:\Users\rutge\AppData\Local\Programs\MiKTeX\tex/generic/pgf/basiclayer\pgfcor
epathusage.code.tex
File: pgfcorepathusage.code.tex 2020/10/01 v3.1.6a (3.1.6a)
\pgf@shorten@end@additional=\dimen262
\pgf@shorten@start@additional=\dimen263
)
(C:\Users\rutge\AppData\Local\Programs\MiKTeX\tex/generic/pgf/basiclayer\pgfcor
escopes.code.tex
File: pgfcorescopes.code.tex 2020/10/01 v3.1.6a (3.1.6a)
\pgfpic=\box64
\pgf@hbox=\box65
\pgf@layerbox@main=\box66
\pgf@picture@serial@count=\count303
)
(C:\Users\rutge\AppData\Local\Programs\MiKTeX\tex/generic/pgf/basiclayer\pgfcor
egraphicstate.code.tex
File: pgfcoregraphicstate.code.tex 2020/10/01 v3.1.6a (3.1.6a)
\pgflinewidth=\dimen264
)
(C:\Users\rutge\AppData\Local\Programs\MiKTeX\tex/generic/pgf/basiclayer\pgfcor
etransformations.code.tex
File: pgfcoretransformations.code.tex 2020/10/01 v3.1.6a (3.1.6a)
\pgf@pt@x=\dimen265
\pgf@pt@y=\dimen266
\pgf@pt@temp=\dimen267
)
(C:\Users\rutge\AppData\Local\Programs\MiKTeX\tex/generic/pgf/basiclayer\pgfcor
equick.code.tex
File: pgfcorequick.code.tex 2020/10/01 v3.1.6a (3.1.6a)
)
(C:\Users\rutge\AppData\Local\Programs\MiKTeX\tex/generic/pgf/basiclayer\pgfcor
eobjects.code.tex
File: pgfcoreobjects.code.tex 2020/10/01 v3.1.6a (3.1.6a)
)
(C:\Users\rutge\AppData\Local\Programs\MiKTeX\tex/generic/pgf/basiclayer\pgfcor
epathprocessing.code.tex
File: pgfcorepathprocessing.code.tex 2020/10/01 v3.1.6a (3.1.6a)
)
(C:\Users\rutge\AppData\Local\Programs\MiKTeX\tex/generic/pgf/basiclayer\pgfcor
earrows.code.tex
File: pgfcorearrows.code.tex 2020/10/01 v3.1.6a (3.1.6a)
\pgfarrowsep=\dimen268
)
(C:\Users\rutge\AppData\Local\Programs\MiKTeX\tex/generic/pgf/basiclayer\pgfcor
eshade.code.tex
File: pgfcoreshade.code.tex 2020/10/01 v3.1.6a (3.1.6a)
\pgf@max=\dimen269
\pgf@sys@shading@range@num=\count304
\pgf@shadingcount=\count305
)
(C:\Users\rutge\AppData\Local\Programs\MiKTeX\tex/generic/pgf/basiclayer\pgfcor
eimage.code.tex
File: pgfcoreimage.code.tex 2020/10/01 v3.1.6a (3.1.6a)

(C:\Users\rutge\AppData\Local\Programs\MiKTeX\tex/generic/pgf/basiclayer\pgfcor
eexternal.code.tex
File: pgfcoreexternal.code.tex 2020/10/01 v3.1.6a (3.1.6a)
\pgfexternal@startupbox=\box67
))
(C:\Users\rutge\AppData\Local\Programs\MiKTeX\tex/generic/pgf/basiclayer\pgfcor
elayers.code.tex
File: pgfcorelayers.code.tex 2020/10/01 v3.1.6a (3.1.6a)
)
(C:\Users\rutge\AppData\Local\Programs\MiKTeX\tex/generic/pgf/basiclayer\pgfcor
etransparency.code.tex
File: pgfcoretransparency.code.tex 2020/10/01 v3.1.6a (3.1.6a)
)
(C:\Users\rutge\AppData\Local\Programs\MiKTeX\tex/generic/pgf/basiclayer\pgfcor
epatterns.code.tex
File: pgfcorepatterns.code.tex 2020/10/01 v3.1.6a (3.1.6a)
)
(C:\Users\rutge\AppData\Local\Programs\MiKTeX\tex/generic/pgf/basiclayer\pgfcor
erdf.code.tex
File: pgfcorerdf.code.tex 2020/10/01 v3.1.6a (3.1.6a)
)))
(C:\Users\rutge\AppData\Local\Programs\MiKTeX\tex/generic/pgf/modules\pgfmodule
shapes.code.tex
File: pgfmoduleshapes.code.tex 2020/10/01 v3.1.6a (3.1.6a)
\pgfnodeparttextbox=\box68
)
(C:\Users\rutge\AppData\Local\Programs\MiKTeX\tex/generic/pgf/modules\pgfmodule
plot.code.tex
File: pgfmoduleplot.code.tex 2020/10/01 v3.1.6a (3.1.6a)
)
(C:\Users\rutge\AppData\Local\Programs\MiKTeX\tex/latex/pgf/compatibility\pgfco
mp-version-0-65.sty
Package: pgfcomp-version-0-65 2020/10/01 v3.1.6a (3.1.6a)
\pgf@nodesepstart=\dimen270
\pgf@nodesepend=\dimen271
)
(C:\Users\rutge\AppData\Local\Programs\MiKTeX\tex/latex/pgf/compatibility\pgfco
mp-version-1-18.sty
Package: pgfcomp-version-1-18 2020/10/01 v3.1.6a (3.1.6a)
))
(C:\Users\rutge\AppData\Local\Programs\MiKTeX\tex/latex/pgf/utilities\pgffor.st
y
(C:\Users\rutge\AppData\Local\Programs\MiKTeX\tex/latex/pgf/utilities\pgfkeys.s
ty
(C:\Users\rutge\AppData\Local\Programs\MiKTeX\tex/generic/pgf/utilities\pgfkeys
.code.tex))
(C:\Users\rutge\AppData\Local\Programs\MiKTeX\tex/latex/pgf/math\pgfmath.sty
(C:\Users\rutge\AppData\Local\Programs\MiKTeX\tex/generic/pgf/math\pgfmath.code
.tex))
(C:\Users\rutge\AppData\Local\Programs\MiKTeX\tex/generic/pgf/utilities\pgffor.
code.tex
Package: pgffor 2020/10/01 v3.1.6a (3.1.6a)

(C:\Users\rutge\AppData\Local\Programs\MiKTeX\tex/generic/pgf/math\pgfmath.code
.tex)
\pgffor@iter=\dimen272
\pgffor@skip=\dimen273
\pgffor@stack=\toks41
\pgffor@toks=\toks42
))
(C:\Users\rutge\AppData\Local\Programs\MiKTeX\tex/generic/pgf/frontendlayer/tik
z\tikz.code.tex
Package: tikz 2020/10/01 v3.1.6a (3.1.6a)

(C:\Users\rutge\AppData\Local\Programs\MiKTeX\tex/generic/pgf/libraries\pgflibr
aryplothandlers.code.tex
File: pgflibraryplothandlers.code.tex 2020/10/01 v3.1.6a (3.1.6a)
\pgf@plot@mark@count=\count306
\pgfplotmarksize=\dimen274
)
\tikz@lastx=\dimen275
\tikz@lasty=\dimen276
\tikz@lastxsaved=\dimen277
\tikz@lastysaved=\dimen278
\tikz@lastmovetox=\dimen279
\tikz@lastmovetoy=\dimen280
\tikzleveldistance=\dimen281
\tikzsiblingdistance=\dimen282
\tikz@figbox=\box69
\tikz@figbox@bg=\box70
\tikz@tempbox=\box71
\tikz@tempbox@bg=\box72
\tikztreelevel=\count307
\tikznumberofchildren=\count308
\tikznumberofcurrentchild=\count309
\tikz@fig@count=\count310

(C:\Users\rutge\AppData\Local\Programs\MiKTeX\tex/generic/pgf/modules\pgfmodule
matrix.code.tex
File: pgfmodulematrix.code.tex 2020/10/01 v3.1.6a (3.1.6a)
\pgfmatrixcurrentrow=\count311
\pgfmatrixcurrentcolumn=\count312
\pgf@matrix@numberofcolumns=\count313
)
\tikz@expandcount=\count314

(C:\Users\rutge\AppData\Local\Programs\MiKTeX\tex/generic/pgf/frontendlayer/tik
z/libraries\tikzlibrarytopaths.code.tex
File: tikzlibrarytopaths.code.tex 2020/10/01 v3.1.6a (3.1.6a)
)))
(C:\Users\rutge\AppData\Local\Programs\MiKTeX\tex/generic/pgf/frontendlayer/tik
z/libraries\tikzlibrarypositioning.code.tex
File: tikzlibrarypositioning.code.tex 2020/10/01 v3.1.6a (3.1.6a)
)
(C:\Users\rutge\AppData\Local\Programs\MiKTeX\tex/generic/pgf/frontendlayer/tik
z/libraries\tikzlibraryshadows.code.tex
File: tikzlibraryshadows.code.tex 2020/10/01 v3.1.6a (3.1.6a)

(C:\Users\rutge\AppData\Local\Programs\MiKTeX\tex/generic/pgf/frontendlayer/tik
z/libraries\tikzlibraryfadings.code.tex
File: tikzlibraryfadings.code.tex 2020/10/01 v3.1.6a (3.1.6a)

(C:\Users\rutge\AppData\Local\Programs\MiKTeX\tex/generic/pgf/libraries\pgflibr
aryfadings.code.tex
File: pgflibraryfadings.code.tex 2020/10/01 v3.1.6a (3.1.6a)
)))
(C:\Users\rutge\AppData\Local\Programs\MiKTeX\tex/latex/tools\calc.sty
Package: calc 2017/05/25 v4.3 Infix arithmetic (KKT,FJ)
\calc@Acount=\count315
\calc@Bcount=\count316
\calc@Adimen=\dimen283
\calc@Bdimen=\dimen284
\calc@Askip=\skip58
\calc@Bskip=\skip59
LaTeX Info: Redefining \setlength on input line 80.
LaTeX Info: Redefining \addtolength on input line 81.
\calc@Ccount=\count317
\calc@Cskip=\skip60
)
\c@@todonotes@numberoftodonotes=\count318
)
(C:\Users\rutge\AppData\Local\Programs\MiKTeX\tex/latex/hyperref\hyperref.sty
Package: hyperref 2020-05-15 v7.00e Hypertext links for LaTeX

(C:\Users\rutge\AppData\Local\Programs\MiKTeX\tex/generic/ltxcmds\ltxcmds.sty
Package: ltxcmds 2020-05-10 v1.25 LaTeX kernel commands for general use (HO)
)
(C:\Users\rutge\AppData\Local\Programs\MiKTeX\tex/generic/pdftexcmds\pdftexcmds
.sty
Package: pdftexcmds 2020-06-27 v0.33 Utility functions of pdfTeX for LuaTeX (HO
)

(C:\Users\rutge\AppData\Local\Programs\MiKTeX\tex/generic/infwarerr\infwarerr.s
ty
Package: infwarerr 2019/12/03 v1.5 Providing info/warning/error messages (HO)
)
Package pdftexcmds Info: \pdf@primitive is available.
Package pdftexcmds Info: \pdf@ifprimitive is available.
Package pdftexcmds Info: \pdfdraftmode found.
)
(C:\Users\rutge\AppData\Local\Programs\MiKTeX\tex/generic/kvsetkeys\kvsetkeys.s
ty
Package: kvsetkeys 2019/12/15 v1.18 Key value parser (HO)
)
(C:\Users\rutge\AppData\Local\Programs\MiKTeX\tex/generic/kvdefinekeys\kvdefine
keys.sty
Package: kvdefinekeys 2019-12-19 v1.6 Define keys (HO)
)
(C:\Users\rutge\AppData\Local\Programs\MiKTeX\tex/generic/pdfescape\pdfescape.s
ty
Package: pdfescape 2019/12/09 v1.15 Implements pdfTeX's escape features (HO)
) (C:\Users\rutge\AppData\Local\Programs\MiKTeX\tex/latex/hycolor\hycolor.sty
Package: hycolor 2020-01-27 v1.10 Color options for hyperref/bookmark (HO)
)
(C:\Users\rutge\AppData\Local\Programs\MiKTeX\tex/latex/letltxmacro\letltxmacro
.sty
Package: letltxmacro 2019/12/03 v1.6 Let assignment for LaTeX macros (HO)
)
(C:\Users\rutge\AppData\Local\Programs\MiKTeX\tex/latex/auxhook\auxhook.sty
Package: auxhook 2019-12-17 v1.6 Hooks for auxiliary files (HO)
)
(C:\Users\rutge\AppData\Local\Programs\MiKTeX\tex/latex/kvoptions\kvoptions.sty
Package: kvoptions 2019/11/29 v3.13 Key value format for package options (HO)
)
\@linkdim=\dimen285
\Hy@linkcounter=\count319
\Hy@pagecounter=\count320
 (C:\Users\rutge\AppData\Local\Programs\MiKTeX\tex/latex/hyperref\pd1enc.def
File: pd1enc.def 2020-05-15 v7.00e Hyperref: PDFDocEncoding definition (HO)
)
(C:\Users\rutge\AppData\Local\Programs\MiKTeX\tex/generic/intcalc\intcalc.sty
Package: intcalc 2019/12/15 v1.3 Expandable calculations with integers (HO)
)
(C:\Users\rutge\AppData\Local\Programs\MiKTeX\tex/generic/etexcmds\etexcmds.sty
Package: etexcmds 2019/12/15 v1.7 Avoid name clashes with e-TeX commands (HO)
)
\Hy@SavedSpaceFactor=\count321
Package hyperref Info: Option `colorlinks' set `true' on input line 4338.
Package hyperref Info: Hyper figures OFF on input line 4464.
Package hyperref Info: Link nesting OFF on input line 4469.
Package hyperref Info: Hyper index ON on input line 4472.
Package hyperref Info: Plain pages OFF on input line 4479.
Package hyperref Info: Backreferencing OFF on input line 4484.
Package hyperref Info: Implicit mode ON; LaTeX internals redefined.
Package hyperref Info: Bookmarks ON on input line 4717.
\c@Hy@tempcnt=\count322
 (C:\Users\rutge\AppData\Local\Programs\MiKTeX\tex/latex/url\url.sty
\Urlmuskip=\muskip17
Package: url 2013/09/16  ver 3.4  Verb mode for urls, etc.
)
LaTeX Info: Redefining \url on input line 5076.
\XeTeXLinkMargin=\dimen286

(C:\Users\rutge\AppData\Local\Programs\MiKTeX\tex/generic/bitset\bitset.sty
Package: bitset 2019/12/09 v1.3 Handle bit-vector datatype (HO)

(C:\Users\rutge\AppData\Local\Programs\MiKTeX\tex/generic/bigintcalc\bigintcalc
.sty
Package: bigintcalc 2019/12/15 v1.5 Expandable calculations on big integers (HO
)
))
\Fld@menulength=\count323
\Field@Width=\dimen287
\Fld@charsize=\dimen288
Package hyperref Info: Hyper figures OFF on input line 6347.
Package hyperref Info: Link nesting OFF on input line 6352.
Package hyperref Info: Hyper index ON on input line 6355.
Package hyperref Info: backreferencing OFF on input line 6362.
Package hyperref Info: Link coloring ON on input line 6365.
Package hyperref Info: Link coloring with OCG OFF on input line 6372.
Package hyperref Info: PDF/A mode OFF on input line 6377.
LaTeX Info: Redefining \ref on input line 6417.
LaTeX Info: Redefining \pageref on input line 6421.

(C:\Users\rutge\AppData\Local\Programs\MiKTeX\tex/latex/base\atbegshi-ltx.sty
Package: atbegshi-ltx 2020/08/17 v1.0a Emulation of the original atbegshi packa
ge
with kernel methods
)
\Hy@abspage=\count324
\c@Item=\count325
\c@Hfootnote=\count326
)
Package hyperref Info: Driver (autodetected): hpdftex.
(C:\Users\rutge\AppData\Local\Programs\MiKTeX\tex/latex/hyperref\hpdftex.def
File: hpdftex.def 2020-05-15 v7.00e Hyperref driver for pdfTeX

(C:\Users\rutge\AppData\Local\Programs\MiKTeX\tex/latex/base\atveryend-ltx.sty
Package: atveryend-ltx 2020/08/19 v1.0a Emulation of the original atvery packag
e
with kernel methods
)
\Fld@listcount=\count327
\c@bookmark@seq@number=\count328

(C:\Users\rutge\AppData\Local\Programs\MiKTeX\tex/latex/rerunfilecheck\rerunfil
echeck.sty
Package: rerunfilecheck 2019/12/05 v1.9 Rerun checks for auxiliary files (HO)

(C:\Users\rutge\AppData\Local\Programs\MiKTeX\tex/generic/uniquecounter\uniquec
ounter.sty
Package: uniquecounter 2019/12/15 v1.4 Provide unlimited unique counter (HO)
)
Package uniquecounter Info: New unique counter `rerunfilecheck' on input line 2
86.
)
\Hy@SectionHShift=\skip61
)
(C:\Users\rutge\AppData\Local\Programs\MiKTeX\tex/latex/caption\caption.sty
Package: caption 2020/10/26 v3.5g Customizing captions (AR)

(C:\Users\rutge\AppData\Local\Programs\MiKTeX\tex/latex/caption\caption3.sty
Package: caption3 2020/10/21 v2.2e caption3 kernel (AR)
\captionmargin=\dimen289
\captionmargin@=\dimen290
\captionwidth=\dimen291
\caption@tempdima=\dimen292
\caption@indent=\dimen293
\caption@parindent=\dimen294
\caption@hangindent=\dimen295
Package caption Info: Standard document class detected.
)
\c@caption@flags=\count329
\c@continuedfloat=\count330
Package caption Info: hyperref package is loaded.
Package caption Info: listings package is loaded.
)
(C:\Users\rutge\AppData\Local\Programs\MiKTeX\tex/latex/caption\subcaption.sty
Package: subcaption 2020/10/07 v1.3j Sub-captions (AR)
\c@subfigure=\count331
\c@subtable=\count332
) (C:\Users\rutge\AppData\Local\Programs\MiKTeX\tex/latex/sectsty\sectsty.sty
Package: sectsty 2002/02/25 v2.0.2 Commands to change all sectional heading sty
les


LaTeX Warning: Command \underbar  has changed.
               Check if current package is valid.


LaTeX Warning: Command \underline  has changed.
               Check if current package is valid.

) (C:\Users\rutge\AppData\Local\Programs\MiKTeX\tex/latex/float\float.sty
Package: float 2001/11/08 v1.3d Float enhancements (AL)
\c@float@type=\count333
\float@exts=\toks43
\float@box=\box73
\@float@everytoks=\toks44
\@floatcapt=\box74
)
(C:\Users\rutge\AppData\Local\Programs\MiKTeX\tex/latex/titling\titling.sty
Package: titling 2009/09/04 v2.1d maketitle typesetting
\thanksmarkwidth=\skip62
\thanksmargin=\skip63
\droptitle=\skip64
)
(C:\Users\rutge\AppData\Local\Programs\MiKTeX\tex/latex/blindtext\blindtext.sty
Package: blindtext 2012/01/06 V2.0 blindtext-Package
(C:\Users\rutge\AppData\Local\Programs\MiKTeX\tex/latex/tools\xspace.sty
Package: xspace 2014/10/28 v1.13 Space after command names (DPC,MH)
)
\c@blindtext=\count334
\c@Blindtext=\count335
\c@blind@countparstart=\count336
\blind@countxx=\count337
\blindtext@numBlindtext=\count338
\blind@countyy=\count339
\c@blindlist=\count340
\c@blindlistlevel=\count341
\c@blindlist@level=\count342
\blind@listitem=\count343
\c@blind@listcount=\count344
\c@blind@levelcount=\count345
\blind@mathformula=\count346
\blind@Mathformula=\count347
\c@blind@randomcount=\count348
\c@blind@randommax=\count349
\c@blind@pangramcount=\count350
\c@blind@pangrammax=\count351
)
(C:\Users\rutge\AppData\Local\Programs\MiKTeX\tex/latex/pgfplots\pgfplots.sty
(C:\Users\rutge\AppData\Local\Programs\MiKTeX\tex/generic/pgfplots\pgfplots.rev
ision.tex)
Package: pgfplots 2020/02/29 v1.17 Data Visualization (1.17)

(C:\Users\rutge\AppData\Local\Programs\MiKTeX\tex/generic/pgfplots\pgfplots.cod
e.tex
(C:\Users\rutge\AppData\Local\Programs\MiKTeX\tex/generic/pgfplots\pgfplotscore
.code.tex
\t@pgfplots@toka=\toks45
\t@pgfplots@tokb=\toks46
\t@pgfplots@tokc=\toks47
\pgfplots@tmpa=\dimen296
\c@pgfplots@coordindex=\count352
\c@pgfplots@scanlineindex=\count353

(C:\Users\rutge\AppData\Local\Programs\MiKTeX\tex/generic/pgfplots/sys\pgfplots
sysgeneric.code.tex))
(C:\Users\rutge\AppData\Local\Programs\MiKTeX\tex/generic/pgfplots/libs\pgfplot
slibrary.code.tex)
(C:\Users\rutge\AppData\Local\Programs\MiKTeX\tex/generic/pgfplots/oldpgfcompat
ib\pgfplotsoldpgfsupp_loader.code.tex
(C:\Users\rutge\AppData\Local\Programs\MiKTeX\tex/generic/pgf/libraries\pgflibr
aryfpu.code.tex))
(C:\Users\rutge\AppData\Local\Programs\MiKTeX\tex/generic/pgfplots/util\pgfplot
sutil.code.tex
(C:\Users\rutge\AppData\Local\Programs\MiKTeX\tex/generic/pgfplots/liststructur
e\pgfplotsliststructure.code.tex)
(C:\Users\rutge\AppData\Local\Programs\MiKTeX\tex/generic/pgfplots/liststructur
e\pgfplotsliststructureext.code.tex)
(C:\Users\rutge\AppData\Local\Programs\MiKTeX\tex/generic/pgfplots/liststructur
e\pgfplotsarray.code.tex
\c@pgfplotsarray@tmp=\count354
)
(C:\Users\rutge\AppData\Local\Programs\MiKTeX\tex/generic/pgfplots/liststructur
e\pgfplotsmatrix.code.tex)
(C:\Users\rutge\AppData\Local\Programs\MiKTeX\tex/generic/pgfplots/numtable\pgf
plotstableshared.code.tex
\c@pgfplotstable@counta=\count355
\t@pgfplotstable@a=\toks48
)
(C:\Users\rutge\AppData\Local\Programs\MiKTeX\tex/generic/pgfplots/liststructur
e\pgfplotsdeque.code.tex)
(C:\Users\rutge\AppData\Local\Programs\MiKTeX\tex/generic/pgfplots/util\pgfplot
sbinary.code.tex
(C:\Users\rutge\AppData\Local\Programs\MiKTeX\tex/generic/pgfplots/util\pgfplot
sbinary.data.code.tex))
(C:\Users\rutge\AppData\Local\Programs\MiKTeX\tex/generic/pgfplots/util\pgfplot
sutil.verb.code.tex)
(C:\Users\rutge\AppData\Local\Programs\MiKTeX\tex/generic/pgfplots/libs\pgflibr
arypgfplots.surfshading.code.tex
\c@pgfplotslibrarysurf@no=\count356

(C:\Users\rutge\AppData\Local\Programs\MiKTeX\tex/generic/pgfplots/sys\pgflibra
rypgfplots.surfshading.pgfsys-pdftex.def)))
(C:\Users\rutge\AppData\Local\Programs\MiKTeX\tex/generic/pgfplots/util\pgfplot
scolormap.code.tex
(C:\Users\rutge\AppData\Local\Programs\MiKTeX\tex/generic/pgfplots/util\pgfplot
scolor.code.tex))
(C:\Users\rutge\AppData\Local\Programs\MiKTeX\tex/generic/pgfplots\pgfplotsstac
kedplots.code.tex)
(C:\Users\rutge\AppData\Local\Programs\MiKTeX\tex/generic/pgfplots\pgfplotsplot
handlers.code.tex
(C:\Users\rutge\AppData\Local\Programs\MiKTeX\tex/generic/pgfplots\pgfplotsmesh
plothandler.code.tex
(C:\Users\rutge\AppData\Local\Programs\MiKTeX\tex/generic/pgfplots\pgfplotsmesh
plotimage.code.tex)))
(C:\Users\rutge\AppData\Local\Programs\MiKTeX\tex/generic/pgfplots\pgfplots.sca
ling.code.tex)
(C:\Users\rutge\AppData\Local\Programs\MiKTeX\tex/generic/pgfplots\pgfplotscoor
dprocessing.code.tex)
(C:\Users\rutge\AppData\Local\Programs\MiKTeX\tex/generic/pgfplots\pgfplots.err
orbars.code.tex)
(C:\Users\rutge\AppData\Local\Programs\MiKTeX\tex/generic/pgfplots\pgfplots.mar
kers.code.tex)
(C:\Users\rutge\AppData\Local\Programs\MiKTeX\tex/generic/pgfplots\pgfplotstick
s.code.tex)
(C:\Users\rutge\AppData\Local\Programs\MiKTeX\tex/generic/pgfplots\pgfplots.pat
hs.code.tex)
(C:\Users\rutge\AppData\Local\Programs\MiKTeX\tex/generic/pgf/frontendlayer/tik
z/libraries\tikzlibrarydecorations.code.tex
(C:\Users\rutge\AppData\Local\Programs\MiKTeX\tex/generic/pgf/modules\pgfmodule
decorations.code.tex
\pgfdecoratedcompleteddistance=\dimen297
\pgfdecoratedremainingdistance=\dimen298
\pgfdecoratedinputsegmentcompleteddistance=\dimen299
\pgfdecoratedinputsegmentremainingdistance=\dimen300
\pgf@decorate@distancetomove=\dimen301
\pgf@decorate@repeatstate=\count357
\pgfdecorationsegmentamplitude=\dimen302
\pgfdecorationsegmentlength=\dimen303
)
\tikz@lib@dec@box=\box75
)
(C:\Users\rutge\AppData\Local\Programs\MiKTeX\tex/generic/pgf/frontendlayer/tik
z/libraries\tikzlibrarydecorations.pathmorphing.code.tex
(C:\Users\rutge\AppData\Local\Programs\MiKTeX\tex/generic/pgf/libraries/decorat
ions\pgflibrarydecorations.pathmorphing.code.tex))
(C:\Users\rutge\AppData\Local\Programs\MiKTeX\tex/generic/pgf/frontendlayer/tik
z/libraries\tikzlibrarydecorations.pathreplacing.code.tex
(C:\Users\rutge\AppData\Local\Programs\MiKTeX\tex/generic/pgf/libraries/decorat
ions\pgflibrarydecorations.pathreplacing.code.tex))
\pgfplots@numplots=\count358
\pgfplots@xmin@reg=\dimen304
\pgfplots@xmax@reg=\dimen305
\pgfplots@ymin@reg=\dimen306
\pgfplots@ymax@reg=\dimen307
\pgfplots@zmin@reg=\dimen308
\pgfplots@zmax@reg=\dimen309
)
(C:\Users\rutge\AppData\Local\Programs\MiKTeX\tex/generic/pgf/frontendlayer/tik
z/libraries\tikzlibraryplotmarks.code.tex
File: tikzlibraryplotmarks.code.tex 2020/10/01 v3.1.6a (3.1.6a)

(C:\Users\rutge\AppData\Local\Programs\MiKTeX\tex/generic/pgf/libraries\pgflibr
aryplotmarks.code.tex
File: pgflibraryplotmarks.code.tex 2020/10/01 v3.1.6a (3.1.6a)
)))
(C:\Users\rutge\AppData\Local\Programs\MiKTeX\tex/latex/glossaries/base\glossar
ies.sty
Package: glossaries 2020/03/19 v4.46 (NLCT)

(C:\Users\rutge\AppData\Local\Programs\MiKTeX\tex/latex/mfirstuc\mfirstuc.sty
Package: mfirstuc 2017/11/14 v2.06 (NLCT)

(C:\Users\rutge\AppData\Local\Programs\MiKTeX\tex/latex/etoolbox\etoolbox.sty
Package: etoolbox 2020/10/05 v2.5k e-TeX tools for LaTeX (JAW)
\etb@tempcnta=\count359
)
\@glsmfirst=\toks49
\@glsmrest=\toks50
) (C:\Users\rutge\AppData\Local\Programs\MiKTeX\tex/latex/textcase\textcase.sty
Package: textcase 2019/09/14 v1.00 Text only upper/lower case changing (DPC)
) (C:\Users\rutge\AppData\Local\Programs\MiKTeX\tex/latex/xfor\xfor.sty
Package: xfor 2009/02/05 v1.05 (NLCT)
)
(C:\Users\rutge\AppData\Local\Programs\MiKTeX\tex/latex/datatool\datatool-base.
sty
Package: datatool-base 2019/09/27 v2.32 (NLCT)
 (C:\Users\rutge\AppData\Local\Programs\MiKTeX\tex/latex/substr\substr.sty
Package: substr 2009/10/20 v1.2 Handle substrings
\c@su@anzahl=\count360
)
(C:\Users\rutge\AppData\Local\Programs\MiKTeX\tex/latex/datatool\datatool-fp.st
y
Package: datatool-fp 2019/09/27 v2.32 (NLCT)
 (C:\Users\rutge\AppData\Local\Programs\MiKTeX\tex/latex/fp\fp.sty
Package: fp 1995/04/02

`Fixed Point Package', Version 0.8, April 2, 1995 (C) Michael Mehlich
(C:\Users\rutge\AppData\Local\Programs\MiKTeX\tex/latex/fp\defpattern.sty
Package: defpattern 1994/10/12
\actioncount=\count361
)
(C:\Users\rutge\AppData\Local\Programs\MiKTeX\tex/latex/fp\fp-basic.sty
Package: fp-basic 1996/05/13
\FP@xs=\count362
\FP@xia=\count363
\FP@xib=\count364
\FP@xfa=\count365
\FP@xfb=\count366
\FP@rega=\count367
\FP@regb=\count368
\FP@regs=\count369
\FP@times=\count370
)
(C:\Users\rutge\AppData\Local\Programs\MiKTeX\tex/latex/fp\fp-addons.sty
Package: fp-addons 1995/03/15
)
(C:\Users\rutge\AppData\Local\Programs\MiKTeX\tex/latex/fp\fp-snap.sty
Package: fp-snap 1995/04/05
)
(C:\Users\rutge\AppData\Local\Programs\MiKTeX\tex/latex/fp\fp-exp.sty
Package: fp-exp 1995/04/03
)
(C:\Users\rutge\AppData\Local\Programs\MiKTeX\tex/latex/fp\fp-trigo.sty
Package: fp-trigo 1995/04/14
)
(C:\Users\rutge\AppData\Local\Programs\MiKTeX\tex/latex/fp\fp-pas.sty
Package: fp-pas 1994/08/29
)
(C:\Users\rutge\AppData\Local\Programs\MiKTeX\tex/latex/fp\fp-random.sty
Package: fp-random 1995/02/23
\FPseed=\count371
)
(C:\Users\rutge\AppData\Local\Programs\MiKTeX\tex/latex/fp\fp-eqn.sty
Package: fp-eqn 1995/04/03
)
(C:\Users\rutge\AppData\Local\Programs\MiKTeX\tex/latex/fp\fp-upn.sty
Package: fp-upn 1996/10/21
)
(C:\Users\rutge\AppData\Local\Programs\MiKTeX\tex/latex/fp\fp-eval.sty
Package: fp-eval 1995/04/03
)))
\@dtl@toks=\toks51
\@dtl@tmpcount=\count372
\dtl@tmplength=\skip65
\dtl@sortresult=\count373
\@dtl@numgrpsepcount=\count374
\@dtl@datatype=\count375
\dtl@codeA=\count376
\dtl@codeB=\count377
\@dtl@foreach@level=\count378
)
(C:\Users\rutge\AppData\Local\Programs\MiKTeX\tex/latex/glossaries/base\glossar
ies-compatible-307.sty
Package: glossaries-compatible-307 2020/03/19 v4.46 (NLCT)
)
(C:\Users\rutge\AppData\Local\Programs\MiKTeX\tex/latex/tracklang\tracklang.sty
Package: tracklang 2020/06/30 v1.5 (NLCT) Track Languages

(C:\Users\rutge\AppData\Local\Programs\MiKTeX\tex/generic/tracklang\tracklang.t
ex))
(C:\Users\rutge\AppData\Local\Programs\MiKTeX\tex/latex/glossaries-english\glos
saries-english.ldf
File: glossaries-english.ldf 2014/11/23 v1.0
)
\gls@level=\count379
\@gls@tmpb=\toks52
\gls@tmplen=\skip66
\glskeylisttok=\toks53
\glslabeltok=\toks54
\glsshorttok=\toks55
\glslongtok=\toks56

(C:\Users\rutge\AppData\Local\Programs\MiKTeX\tex/latex/glossaries/styles\gloss
ary-hypernav.sty
Package: glossary-hypernav 2020/03/19 v4.46 (NLCT)
)
(C:\Users\rutge\AppData\Local\Programs\MiKTeX\tex/latex/glossaries/styles\gloss
ary-list.sty
Package: glossary-list 2020/03/19 v4.46 (NLCT)
\glslistdottedwidth=\skip67
)
(C:\Users\rutge\AppData\Local\Programs\MiKTeX\tex/latex/glossaries/styles\gloss
ary-long.sty
Package: glossary-long 2020/03/19 v4.46 (NLCT)

(C:\Users\rutge\AppData\Local\Programs\MiKTeX\tex/latex/tools\longtable.sty
Package: longtable 2020/01/07 v4.13 Multi-page Table package (DPC)
\LTleft=\skip68
\LTright=\skip69
\LTpre=\skip70
\LTpost=\skip71
\LTchunksize=\count380
\LTcapwidth=\dimen310
\LT@head=\box76
\LT@firsthead=\box77
\LT@foot=\box78
\LT@lastfoot=\box79
\LT@cols=\count381
\LT@rows=\count382
\c@LT@tables=\count383
\c@LT@chunks=\count384
\LT@p@ftn=\toks57
)
\glsdescwidth=\skip72
\glspagelistwidth=\skip73
)
(C:\Users\rutge\AppData\Local\Programs\MiKTeX\tex/latex/glossaries/styles\gloss
ary-super.sty
Package: glossary-super 2020/03/19 v4.46 (NLCT)

(C:\Users\rutge\AppData\Local\Programs\MiKTeX\tex/latex/supertabular\supertabul
ar.sty
Package: supertabular 2020/02/02 v4.1g the supertabular environment
\c@tracingst=\count385
\ST@wd=\dimen311
\ST@rightskip=\skip74
\ST@leftskip=\skip75
\ST@parfillskip=\skip76
\ST@pageleft=\dimen312
\ST@headht=\dimen313
\ST@tailht=\dimen314
\ST@pagesofar=\dimen315
\ST@pboxht=\dimen316
\ST@lineht=\dimen317
\ST@prevht=\dimen318
\ST@toadd=\dimen319
\ST@dimen=\dimen320
\ST@pbox=\box80
))
(C:\Users\rutge\AppData\Local\Programs\MiKTeX\tex/latex/glossaries/styles\gloss
ary-tree.sty
Package: glossary-tree 2020/03/19 v4.46 (NLCT)
\glstreeindent=\skip77
))
(C:\Users\rutge\AppData\Local\Programs\MiKTeX\tex/latex/booktabs\booktabs.sty
Package: booktabs 2020/01/12 v1.61803398 Publication quality tables
\heavyrulewidth=\dimen321
\lightrulewidth=\dimen322
\cmidrulewidth=\dimen323
\belowrulesep=\dimen324
\belowbottomsep=\dimen325
\aboverulesep=\dimen326
\abovetopsep=\dimen327
\cmidrulesep=\dimen328
\cmidrulekern=\dimen329
\defaultaddspace=\dimen330
\@cmidla=\count386
\@cmidlb=\count387
\@aboverulesep=\dimen331
\@belowrulesep=\dimen332
\@thisruleclass=\count388
\@lastruleclass=\count389
\@thisrulewidth=\dimen333
)
(C:\Users\rutge\AppData\Local\Programs\MiKTeX\tex/latex/pdflscape\pdflscape.sty
Package: pdflscape 2019/12/05 v0.12 Display of landscape pages in PDF (HO)
(C:\Users\rutge\AppData\Local\Programs\MiKTeX\tex/latex/graphics\lscape.sty
Package: lscape 2020/05/28 v3.02 Landscape Pages (DPC)
)
Package pdflscape Info: Auto-detected driver: pdftex on input line 81.
)
(C:\Users\rutge\AppData\Local\Programs\MiKTeX\tex/latex/tools\afterpage.sty
Package: afterpage 2014/10/28 v1.08 After-Page Package (DPC)
\AP@output=\toks58
\AP@partial=\box81
\AP@footins=\box82
)
(Literature_Review_Motion_Prediction_Rutger_Dirks.aux)
\openout1 = `Literature_Review_Motion_Prediction_Rutger_Dirks.aux'.

LaTeX Font Info:    Checking defaults for OML/cmm/m/it on input line 76.
LaTeX Font Info:    ... okay on input line 76.
LaTeX Font Info:    Checking defaults for OMS/cmsy/m/n on input line 76.
LaTeX Font Info:    ... okay on input line 76.
LaTeX Font Info:    Checking defaults for OT1/cmr/m/n on input line 76.
LaTeX Font Info:    ... okay on input line 76.
LaTeX Font Info:    Checking defaults for T1/cmr/m/n on input line 76.
LaTeX Font Info:    ... okay on input line 76.
LaTeX Font Info:    Checking defaults for TS1/cmr/m/n on input line 76.
LaTeX Font Info:    ... okay on input line 76.
LaTeX Font Info:    Checking defaults for OMX/cmex/m/n on input line 76.
LaTeX Font Info:    ... okay on input line 76.
LaTeX Font Info:    Checking defaults for U/cmr/m/n on input line 76.
LaTeX Font Info:    ... okay on input line 76.
LaTeX Font Info:    Checking defaults for PD1/pdf/m/n on input line 76.
LaTeX Font Info:    ... okay on input line 76.

(C:\Users\rutge\AppData\Local\Programs\MiKTeX\tex/latex/ucs\ucsencs.def
File: ucsencs.def 2011/01/21 Fixes to fontencodings LGR, T3
)
\c@lstlisting=\count390

(C:\Users\rutge\AppData\Local\Programs\MiKTeX\tex/latex/siunitx\siunitx-abbrevi
ations.cfg
File: siunitx-abbreviations.cfg 2017/11/26 v2.7k siunitx: Abbreviated units
)
(C:\Users\rutge\AppData\Local\Programs\MiKTeX\tex/latex/translator\translator-b
asic-dictionary-English.dict
Dictionary: translator-basic-dictionary, Language: English 
)
*geometry* driver: auto-detecting
*geometry* detected driver: pdftex
*geometry* verbose mode - [ preamble ] result:
* driver: pdftex
* paper: a4paper
* layout: <same size as paper>
* layoutoffset:(h,v)=(0.0pt,0.0pt)
* modes: 
* h-part:(L,W,R)=(56.9055pt, 483.69687pt, 56.9055pt)
* v-part:(T,H,B)=(85.35826pt, 702.78308pt, 56.9055pt)
* \paperwidth=597.50787pt
* \paperheight=845.04684pt
* \textwidth=483.69687pt
* \textheight=702.78308pt
* \oddsidemargin=-15.36449pt
* \evensidemargin=-15.36449pt
* \topmargin=-23.91173pt
* \headheight=12.0pt
* \headsep=25.0pt
* \topskip=10.0pt
* \footskip=30.0pt
* \marginparwidth=49.79231pt
* \marginparsep=11.0pt
* \columnsep=10.0pt
* \skip\footins=9.0pt plus 4.0pt minus 2.0pt
* \hoffset=0.0pt
* \voffset=0.0pt
* \mag=1000
* \@twocolumnfalse
* \@twosidefalse
* \@mparswitchfalse
* \@reversemarginfalse
* (1in=72.27pt=25.4mm, 1cm=28.453pt)


(C:\Users\rutge\AppData\Local\Programs\MiKTeX\tex/context/base/mkii\supp-pdf.mk
ii
[Loading MPS to PDF converter (version 2006.09.02).]
\scratchcounter=\count391
\scratchdimen=\dimen334
\scratchbox=\box83
\nofMPsegments=\count392
\nofMParguments=\count393
\everyMPshowfont=\toks59
\MPscratchCnt=\count394
\MPscratchDim=\dimen335
\MPnumerator=\count395
\makeMPintoPDFobject=\count396
\everyMPtoPDFconversion=\toks60
)
(C:\Users\rutge\AppData\Local\Programs\MiKTeX\tex/latex/epstopdf-pkg\epstopdf-b
ase.sty
Package: epstopdf-base 2020-01-24 v2.11 Base part for package epstopdf
Package epstopdf-base Info: Redefining graphics rule for `.eps' on input line 4
85.
)

Package todonotes Warning: The length marginparwidth is less than 2cm and will 
most likely cause issues with the appearance of inserted todonotes. The issue c
an be solved by adding a line like \setlength {\marginparwidth }{2cm} prior to 
loading the todonotes package. on input line 76.

Package hyperref Info: Link coloring ON on input line 76.
(C:\Users\rutge\AppData\Local\Programs\MiKTeX\tex/latex/hyperref\nameref.sty
Package: nameref 2019/09/16 v2.46 Cross-referencing by name of section

(C:\Users\rutge\AppData\Local\Programs\MiKTeX\tex/latex/refcount\refcount.sty
Package: refcount 2019/12/15 v3.6 Data extraction from label references (HO)
)
(C:\Users\rutge\AppData\Local\Programs\MiKTeX\tex/generic/gettitlestring\gettit
lestring.sty
Package: gettitlestring 2019/12/15 v1.6 Cleanup title references (HO)
)
\c@section@level=\count397
)
LaTeX Info: Redefining \ref on input line 76.
LaTeX Info: Redefining \pageref on input line 76.
LaTeX Info: Redefining \nameref on input line 76.
 (Literature_Review_Motion_Prediction_Rutger_Dirks.out)
(Literature_Review_Motion_Prediction_Rutger_Dirks.out)
\@outlinefile=\write4
\openout4 = `Literature_Review_Motion_Prediction_Rutger_Dirks.out'.

Package caption Info: Begin \AtBeginDocument code.
Package caption Info: float package is loaded.
Package caption Info: longtable package is loaded.

(C:\Users\rutge\AppData\Local\Programs\MiKTeX\tex/latex/caption\ltcaption.sty
Package: ltcaption 2020/05/30 v1.4b longtable captions (AR)
)
Package caption Info: supertabular package is loaded.
Package caption Info: End \AtBeginDocument code.


Package pgfplots Warning: running in backwards compatibility mode (unsuitable t
ick labels; missing features). Consider writing \pgfplotsset{compat=1.17} into 
your preamble.
 on input line 76.

(Literature_Review_Motion_Prediction_Rutger_Dirks.glsdefs)
LaTeX Font Info:    Trying to load font information for T1+ptm on input line 77
.

(C:\Users\rutge\AppData\Local\Programs\MiKTeX\tex/latex/psnfss\t1ptm.fd
File: t1ptm.fd 2001/06/04 font definitions for T1/ptm.
)
[1

{C:/Users/rutge/AppData/Local/MiKTeX/pdftex/config/pdftex.map}]
Using TeX to sort glossary entries---this may take a while
No file Literature_Review_Motion_Prediction_Rutger_Dirks.acr.
pdfTeX warning (ext4): destination with the same identifier (name{page.1}) has 
been already used, duplicate ignored
<to be read again> 
                   \relax 
l.101 	\newpage
                [1] (Literature_Review_Motion_Prediction_Rutger_Dirks.toc
[2])
\tf@toc=\write5
\openout5 = `Literature_Review_Motion_Prediction_Rutger_Dirks.toc'.

 [3] (Introduction.tex
Underfull \hbox (badness 10000) in paragraph at lines 3--4

 []


Underfull \hbox (badness 10000) in paragraph at lines 8--9

 []


Underfull \hbox (badness 10000) in paragraph at lines 10--11

 []


Underfull \hbox (badness 10000) in paragraph at lines 12--13

 []


Underfull \hbox (badness 10000) in paragraph at lines 18--19

 []


Underfull \hbox (badness 10000) in paragraph at lines 20--21

 []


Underfull \hbox (badness 10000) in paragraph at lines 22--24

 []

<Figures/Introduction/Prediction_forms.png, id=433, 521.7894pt x 182.6022pt>
File: Figures/Introduction/Prediction_forms.png Graphic file (type png)
<use Figures/Introduction/Prediction_forms.png>
Package pdftex.def Info: Figures/Introduction/Prediction_forms.png  used on inp
ut line 35.
(pdftex.def)             Requested size: 386.95897pt x 135.41885pt.

LaTeX Warning: `!h' float specifier changed to `!ht'.


Underfull \hbox (badness 10000) in paragraph at lines 171--171

 []


LaTeX Warning: `!h' float specifier changed to `!ht'.

[4] [5 <./Figures/Introduction/Prediction_forms.png>] [6]
Underfull \hbox (badness 10000) in paragraph at lines 211--212

 []

[7]) [8] ("Occupancy Grid Mapping.tex"
Underfull \hbox (badness 10000) in paragraph at lines 2--3

 []

<Figures/Occupancy_Grid_Map/The_Two-dimensional_Sonar_map.png, id=654, 369.6309
4pt x 212.29312pt>
File: Figures/Occupancy_Grid_Map/The_Two-dimensional_Sonar_map.png Graphic file
 (type png)
<use Figures/Occupancy_Grid_Map/The_Two-dimensional_Sonar_map.png>
Package pdftex.def Info: Figures/Occupancy_Grid_Map/The_Two-dimensional_Sonar_m
ap.png  used on input line 6.
(pdftex.def)             Requested size: 290.22107pt x 166.6861pt.

Underfull \hbox (badness 10000) in paragraph at lines 11--12

 []


Underfull \hbox (badness 10000) in paragraph at lines 17--18

 []

[9 <./Figures/Occupancy_Grid_Map/The_Two-dimensional_Sonar_map.png>]
Underfull \hbox (badness 10000) in paragraph at lines 59--62

 []

<Figures/Occupancy_Grid_Map/Occupied_Areas_in_Map.png, id=717, 361.35pt x 254.4
5062pt>
File: Figures/Occupancy_Grid_Map/Occupied_Areas_in_Map.png Graphic file (type p
ng)
<use Figures/Occupancy_Grid_Map/Occupied_Areas_in_Map.png>
Package pdftex.def Info: Figures/Occupancy_Grid_Map/Occupied_Areas_in_Map.png  
used on input line 67.
(pdftex.def)             Requested size: 193.47578pt x 136.24039pt.
<Figures/Occupancy_Grid_Map/Occupied_Areas_in_Map_after_Thresholding.png, id=72
0, 359.09157pt x 262.73157pt>
File: Figures/Occupancy_Grid_Map/Occupied_Areas_in_Map_after_Thresholding.png G
raphic file (type png)
<use Figures/Occupancy_Grid_Map/Occupied_Areas_in_Map_after_Thresholding.png>
Package pdftex.def Info: Figures/Occupancy_Grid_Map/Occupied_Areas_in_Map_after
_Thresholding.png  used on input line 72.
(pdftex.def)             Requested size: 193.47578pt x 141.56023pt.

LaTeX Warning: `h' float specifier changed to `ht'.

[10]
Underfull \hbox (badness 10000) in paragraph at lines 103--105

 []


Underfull \hbox (badness 10000) in paragraph at lines 111--113

 []

<Figures/Occupancy_Grid_Map/OGM_inverse_forward_compare.png, id=759, 1012.5328p
t x 248.42813pt>
File: Figures/Occupancy_Grid_Map/OGM_inverse_forward_compare.png Graphic file (
type png)
<use Figures/Occupancy_Grid_Map/OGM_inverse_forward_compare.png>
Package pdftex.def Info: Figures/Occupancy_Grid_Map/OGM_inverse_forward_compare
.png  used on input line 122.
(pdftex.def)             Requested size: 483.69687pt x 118.67932pt.

LaTeX Warning: `!h' float specifier changed to `!ht'.

[11 <./Figures/Occupancy_Grid_Map/Occupied_Areas_in_Map.png> <./Figures/Occupan
cy_Grid_Map/Occupied_Areas_in_Map_after_Thresholding.png>]
Underfull \hbox (badness 10000) in paragraph at lines 153--154

 []

[12 <./Figures/Occupancy_Grid_Map/OGM_inverse_forward_compare.png>]

Package hyperref Warning: Token not allowed in a PDF string (PDFDocEncoding):
(hyperref)                removing `\gls' on input line 175.


Package hyperref Warning: Token not allowed in a PDF string (PDFDocEncoding):
(hyperref)                removing `\glspl' on input line 175.

<Figures/Occupancy_Grid_Map/OGM_prob_l_DST_r_compare.png, id=829, 313.9228pt x 
210.03468pt>
File: Figures/Occupancy_Grid_Map/OGM_prob_l_DST_r_compare.png Graphic file (typ
e png)
<use Figures/Occupancy_Grid_Map/OGM_prob_l_DST_r_compare.png>
Package pdftex.def Info: Figures/Occupancy_Grid_Map/OGM_prob_l_DST_r_compare.pn
g  used on input line 202.
(pdftex.def)             Requested size: 290.22107pt x 194.1861pt.

LaTeX Warning: `h' float specifier changed to `ht'.

[13]

Package hyperref Warning: Token not allowed in a PDF string (PDFDocEncoding):
(hyperref)                removing `\gls' on input line 215.


Package hyperref Warning: Token not allowed in a PDF string (PDFDocEncoding):
(hyperref)                removing `\glspl' on input line 218.


Underfull \hbox (badness 10000) in paragraph at lines 219--220

 []

[14 <./Figures/Occupancy_Grid_Map/OGM_prob_l_DST_r_compare.png>]
<Figures/Occupancy_Grid_Map/3D_Occupancy_Grid_Spherical_Coord.png, id=887, 308.
65312pt x 243.15843pt>
File: Figures/Occupancy_Grid_Map/3D_Occupancy_Grid_Spherical_Coord.png Graphic 
file (type png)
<use Figures/Occupancy_Grid_Map/3D_Occupancy_Grid_Spherical_Coord.png>
Package pdftex.def Info: Figures/Occupancy_Grid_Map/3D_Occupancy_Grid_Spherical
_Coord.png  used on input line 234.
(pdftex.def)             Requested size: 193.47578pt x 152.4263pt.
<Figures/Occupancy_Grid_Map/3D_Occupancy_Grid_example.png, id=890, 335.75438pt 
x 250.68657pt>
File: Figures/Occupancy_Grid_Map/3D_Occupancy_Grid_example.png Graphic file (ty
pe png)
<use Figures/Occupancy_Grid_Map/3D_Occupancy_Grid_example.png>
Package pdftex.def Info: Figures/Occupancy_Grid_Map/3D_Occupancy_Grid_example.p
ng  used on input line 239.
(pdftex.def)             Requested size: 193.47578pt x 144.4573pt.
<Figures/Occupancy_Grid_Map/Semantic_OGM_Network.png, id=900, 399.74344pt x 152
.06813pt>
File: Figures/Occupancy_Grid_Map/Semantic_OGM_Network.png Graphic file (type pn
g)
<use Figures/Occupancy_Grid_Map/Semantic_OGM_Network.png>
Package pdftex.def Info: Figures/Occupancy_Grid_Map/Semantic_OGM_Network.png  u
sed on input line 254.
(pdftex.def)             Requested size: 338.58632pt x 128.81067pt.


LaTeX Warning: `h' float specifier changed to `ht'.


Underfull \hbox (badness 10000) in paragraph at lines 261--265

 []

[15 <./Figures/Occupancy_Grid_Map/3D_Occupancy_Grid_Spherical_Coord.png> <./Fig
ures/Occupancy_Grid_Map/3D_Occupancy_Grid_example.png>]
<Figures/Occupancy_Grid_Map/DOGMa_example.png, id=924, 469.00218pt x 443.40656p
t>
File: Figures/Occupancy_Grid_Map/DOGMa_example.png Graphic file (type png)
<use Figures/Occupancy_Grid_Map/DOGMa_example.png>
Package pdftex.def Info: Figures/Occupancy_Grid_Map/DOGMa_example.png  used on 
input line 270.
(pdftex.def)             Requested size: 193.47578pt x 182.91422pt.

Underfull \hbox (badness 10000) in paragraph at lines 275--277

 []

[16 <./Figures/Occupancy_Grid_Map/Semantic_OGM_Network.png> <./Figures/Occupanc
y_Grid_Map/DOGMa_example.png>]) [17] ("Datasets and Metrics.tex"
Underfull \hbox (badness 10000) in paragraph at lines 26--27

 []


Underfull \hbox (badness 10000) in paragraph at lines 28--29

 []


Underfull \hbox (badness 10000) in paragraph at lines 30--31

 []

[18]
Underfull \hbox (badness 10000) in paragraph at lines 36--37

 []


Underfull \hbox (badness 10000) in paragraph at lines 38--39

 []


Underfull \hbox (badness 10000) in paragraph at lines 40--41

 []


Underfull \hbox (badness 10000) in paragraph at lines 42--43

 []


Underfull \hbox (badness 10000) in paragraph at lines 45--46

 []


Underfull \hbox (badness 10000) in paragraph at lines 52--53

 []

[19]
Underfull \hbox (badness 10000) in paragraph at lines 54--55

 []

[20]
Overfull \hbox (5.21692pt too wide) in alignment at lines 126--126
 [] [] [] [] [] [] [] [] [] [] [] [] [] [] 
 []


Underfull \hbox (badness 10000) in paragraph at lines 126--126
[]|\T1/ptm/b/n/10 STIP
 []


Underfull \hbox (badness 1102) in paragraph at lines 126--126
[]|\T1/ptm/m/n/10 3 RGB cam-eras
 []


Underfull \hbox (badness 10000) in paragraph at lines 126--126
[]|\T1/ptm/m/n/10 20
 []


Underfull \hbox (badness 10000) in paragraph at lines 126--126
[]|\T1/ptm/m/n/10 556 se-quences,
 []


Underfull \hbox (badness 3128) in paragraph at lines 126--126
[]|\T1/ptm/m/n/10 2 classes
 []


Underfull \hbox (badness 10000) in paragraph at lines 126--126
\T1/ptm/m/n/10 (pedes-
 []


Underfull \hbox (badness 10000) in paragraph at lines 126--126
\T1/ptm/m/n/10 trian,
 []


Overfull \hbox (3.56966pt too wide) in paragraph at lines 126--126
[]|\T1/ptm/b/n/10 Argoverse
 []


Underfull \hbox (badness 10000) in paragraph at lines 126--126
[]|\T1/ptm/m/n/10 2 VLP-32 Li-
 []


Underfull \hbox (badness 1102) in paragraph at lines 126--126
[]|\T1/ptm/m/n/10 7 RGB cam-eras
 []


Underfull \hbox (badness 3503) in paragraph at lines 126--126
\T1/ptm/m/n/10 (30 Hz) and 2
 []


Underfull \hbox (badness 10000) in paragraph at lines 126--126
[]|\T1/ptm/m/n/10 GPS/
 []


Underfull \hbox (badness 10000) in paragraph at lines 126--126
\T1/ptm/m/n/10 Odom-e-try
 []


Underfull \hbox (badness 10000) in paragraph at lines 126--126
[]|\T1/ptm/m/n/10 10
 []


Underfull \hbox (badness 10000) in paragraph at lines 126--126
[]|\T1/ptm/m/n/10 ~333K 5s se-
 []


Underfull \hbox (badness 7168) in paragraph at lines 126--126
\T1/ptm/m/n/10 quences, 1006h
 []


Underfull \hbox (badness 10000) in paragraph at lines 126--126
\T1/ptm/m/n/10 of record-
 []


Underfull \hbox (badness 10000) in paragraph at lines 126--126
\T1/ptm/m/n/10 ing, span-ning
 []


Overfull \hbox (5.12987pt too wide) in paragraph at lines 126--126
[]|\T1/ptm/m/n/10 ~1.5K| 
 []


Overfull \hbox (6.65991pt too wide) in paragraph at lines 126--126
[]|\T1/ptm/m/n/10 [[]]| 
 []


Underfull \hbox (badness 10000) in paragraph at lines 126--126
[]|\T1/ptm/b/n/10 ECP2.5D
 []


Underfull \hbox (badness 5924) in paragraph at lines 126--126
[]|\T1/ptm/m/n/10 Velodyne HDL-
 []


Underfull \hbox (badness 2150) in paragraph at lines 126--126
\T1/ptm/m/n/10 120m range (5-
 []


Underfull \hbox (badness 4378) in paragraph at lines 126--126
[]|\T1/ptm/m/n/10 1 RGB cam-era
 []


Underfull \hbox (badness 10000) in paragraph at lines 126--126
[]|\T1/ptm/m/n/10 12 coun-
 []


Underfull \hbox (badness 10000) in paragraph at lines 126--126
\T1/ptm/m/n/10 tries, 31
 []


Overfull \hbox (7.62987pt too wide) in paragraph at lines 126--126
[]|\T1/ptm/m/n/10 ~218K| 
 []


Overfull \hbox (3.88976pt too wide) in paragraph at lines 126--126
[]|\T1/ptm/b/n/10 BDDK100
 []


Underfull \hbox (badness 10000) in paragraph at lines 126--126
\T1/ptm/m/n/10 1280x720 (30
 []


Underfull \hbox (badness 10000) in paragraph at lines 126--126
[]|\T1/ptm/m/n/10 (mostly) 1
 []


Underfull \hbox (badness 10000) in paragraph at lines 126--126
\T1/ptm/m/n/10 coun-try, 4
 []


Underfull \hbox (badness 6110) in paragraph at lines 126--126
[]|\T1/ptm/m/n/10 ~100K 40s se-
 []


Underfull \hbox (badness 10000) in paragraph at lines 126--126
[]|\T1/ptm/m/n/10 3 cat-e-
 []


Overfull \hbox (7.62987pt too wide) in paragraph at lines 126--126
[]|\T1/ptm/m/n/10 ~129K| 
 []


Underfull \hbox (badness 10000) in paragraph at lines 126--126
[]|\T1/ptm/m/n/10 Pixel-level
 []


Underfull \hbox (badness 10000) in paragraph at lines 126--126
\T1/ptm/m/n/10 se-man-tic
 []


Underfull \hbox (badness 10000) in paragraph at lines 126--126
\T1/ptm/m/n/10 seg-men-ta-
 []


Underfull \hbox (badness 10000) in paragraph at lines 126--126
[]|\T1/ptm/b/n/10 KITTI
 []


Underfull \hbox (badness 5924) in paragraph at lines 126--126
[]|\T1/ptm/m/n/10 Velodyne HDL-
 []


Underfull \hbox (badness 1635) in paragraph at lines 126--126
\T1/ptm/m/n/10 64 Li-DAR with
 []


Underfull \hbox (badness 1102) in paragraph at lines 126--126
\T1/ptm/m/n/10 100m range (10
 []


Underfull \hbox (badness 10000) in paragraph at lines 126--126
[]|\T1/ptm/m/n/10 4 cam-eras
 []


Underfull \hbox (badness 10000) in paragraph at lines 126--126
\T1/ptm/m/n/10 (2 color 2
 []


Underfull \hbox (badness 10000) in paragraph at lines 126--126
\T1/ptm/m/n/10 1392x512 (10
 []


Underfull \hbox (badness 10000) in paragraph at lines 126--126
[]|\T1/ptm/m/n/10 10
 []


Underfull \hbox (badness 7415) in paragraph at lines 126--126
\T1/ptm/m/n/10 city, dense
 []


Underfull \hbox (badness 10000) in paragraph at lines 126--126
[]|\T1/ptm/m/n/10 2 cat-e-
 []


Underfull \hbox (badness 2600) in paragraph at lines 126--126
\T1/ptm/m/n/10 gories, 8
 []


Overfull \hbox (5.12987pt too wide) in paragraph at lines 126--126
[]|\T1/ptm/m/n/10 ~9.4K| 
 []


Overfull \hbox (7.62987pt too wide) in paragraph at lines 126--126
[]|\T1/ptm/m/n/10 ~100K| 
 []


Overfull \hbox (6.65991pt too wide) in paragraph at lines 126--126
[]|\T1/ptm/m/n/10 [[]]
 []


Overfull \hbox (6.65991pt too wide) in paragraph at lines 126--126
\T1/ptm/m/n/10 [[]]
 []


Overfull \hbox (6.65991pt too wide) in paragraph at lines 126--126
\T1/ptm/m/n/10 [[]]| 
 []


Overfull \hbox (6.65991pt too wide) in paragraph at lines 126--126
[]|\T1/ptm/m/n/10 [[]]
 []


Overfull \hbox (6.65991pt too wide) in paragraph at lines 126--126
\T1/ptm/m/n/10 [[]]
 []


Overfull \hbox (6.65991pt too wide) in paragraph at lines 126--126
\T1/ptm/m/n/10 [[]]| 
 []


Overfull \hbox (1.1095pt too wide) in paragraph at lines 126--126
[]|\T1/ptm/b/n/10 NuScenes
 []


Underfull \hbox (badness 10000) in paragraph at lines 126--126
[]|\T1/ptm/m/n/10 6 cam-eras of
 []


Underfull \hbox (badness 10000) in paragraph at lines 126--126
\T1/ptm/m/n/10 res 1600x900
 []


Underfull \hbox (badness 10000) in paragraph at lines 126--126
[]|\T1/ptm/m/n/10 GPS/IMU,
 []


Underfull \hbox (badness 10000) in paragraph at lines 126--126
\T1/ptm/m/n/10 CAN bus
 []


Underfull \hbox (badness 1102) in paragraph at lines 126--126
[]|\T1/ptm/m/n/10 2 coun-tries,
 []


Underfull \hbox (badness 10000) in paragraph at lines 126--126
\T1/ptm/m/n/10 2 cities,
 []


Underfull \hbox (badness 10000) in paragraph at lines 126--126
[]|\T1/ptm/m/n/10 1000 20s se-
 []


Underfull \hbox (badness 10000) in paragraph at lines 126--126
[]|\T1/ptm/m/n/10 23
 []


Overfull \hbox (7.62987pt too wide) in paragraph at lines 126--126
[]|\T1/ptm/m/n/10 ~200K| 
 []


Overfull \hbox (7.62987pt too wide) in paragraph at lines 126--126
[]|\T1/ptm/m/n/10 ~500K| 
 []


Underfull \hbox (badness 10000) in paragraph at lines 126--126
[]|\T1/ptm/m/n/10 velocity
 []


Underfull \hbox (badness 10000) in paragraph at lines 126--126
\T1/ptm/m/n/10 in-for-ma-
 []


Underfull \hbox (badness 10000) in paragraph at lines 126--126
\T1/ptm/m/n/10 tion from
 []


Underfull \hbox (badness 5893) in paragraph at lines 126--126
\T1/ptm/m/n/10 Radar with
 []


Underfull \hbox (badness 10000) in paragraph at lines 126--126
\T1/ptm/m/n/10 0.1km/h
 []


Overfull \hbox (6.65991pt too wide) in paragraph at lines 126--126
[]|\T1/ptm/m/n/10 [[]]
 []


Overfull \hbox (6.65991pt too wide) in paragraph at lines 126--126
\T1/ptm/m/n/10 [[]]| 
 []


Underfull \hbox (badness 10000) in paragraph at lines 126--126
[]|\T1/ptm/b/n/10 Waymo
 []


Underfull \hbox (badness 10000) in paragraph at lines 126--126
[]|\T1/ptm/m/n/10 5 cam-eras (3
 []


Underfull \hbox (badness 10000) in paragraph at lines 126--126
\T1/ptm/m/n/10 front of res
 []


Underfull \hbox (badness 10000) in paragraph at lines 126--126
\T1/ptm/m/n/10 1920x1280 and
 []


Underfull \hbox (badness 10000) in paragraph at lines 126--126
\T1/ptm/m/n/10 2 side of res
 []


Underfull \hbox (badness 10000) in paragraph at lines 126--126
[]|\T1/ptm/m/n/10 10
 []


Underfull \hbox (badness 10000) in paragraph at lines 126--126
[]|\T1/ptm/m/n/10 1 coun-try,
 []


Underfull \hbox (badness 10000) in paragraph at lines 126--126
\T1/ptm/m/n/10 3 cities,
 []


Underfull \hbox (badness 10000) in paragraph at lines 126--126
\T1/ptm/m/n/10 ur-ban and
 []


Underfull \hbox (badness 10000) in paragraph at lines 126--126
\T1/ptm/m/n/10 sub-ur-ban
 []


Underfull \hbox (badness 10000) in paragraph at lines 126--126
[]|\T1/ptm/m/n/10 103K 20s se-
 []


Overfull \hbox (6.79979pt too wide) in paragraph at lines 126--126
[]|\T1/ptm/m/n/10 ~2.8M| 
 []


Overfull \hbox (6.79979pt too wide) in paragraph at lines 126--126
[]|\T1/ptm/m/n/10 ~6.1M| 
 []


Overfull \hbox (6.65991pt too wide) in paragraph at lines 126--126
[]|\T1/ptm/m/n/10 [[]]
 []


Overfull \hbox (6.65991pt too wide) in paragraph at lines 126--126
\T1/ptm/m/n/10 [[]]| 
 []


Overfull \hbox (6.65991pt too wide) in paragraph at lines 126--126
[]|\T1/ptm/m/n/10 [[]]
 []


Overfull \hbox (6.65991pt too wide) in paragraph at lines 126--126
\T1/ptm/m/n/10 [[]]| 
 []


Overfull \hbox (11.4194pt too wide) in paragraph at lines 126--126
[]|\T1/ptm/b/n/10 Apolloscape
 []


Underfull \hbox (badness 10000) in paragraph at lines 126--126
[]|\T1/ptm/m/n/10 1 VMX-CS6
 []


Underfull \hbox (badness 10000) in paragraph at lines 126--126
\T1/ptm/m/n/10 cam-era sys-tem
 []


Underfull \hbox (badness 3128) in paragraph at lines 126--126
\T1/ptm/m/n/10 with 2 cam-eras
 []


Underfull \hbox (badness 1205) in paragraph at lines 126--126
\T1/ptm/m/n/10 (no depth in-for-
 []


Underfull \hbox (badness 10000) in paragraph at lines 126--126
[]|\T1/ptm/m/n/10 1 coun-try,
 []


Underfull \hbox (badness 10000) in paragraph at lines 126--126
[]|\T1/ptm/m/n/10 5 cat-e-
 []


Underfull \hbox (badness 10000) in paragraph at lines 126--126
\T1/ptm/m/n/10 classes,
 []


Underfull \hbox (badness 10000) in paragraph at lines 126--126
\T1/ptm/m/n/10 ad-di-tional
 []


Underfull \hbox (badness 5862) in paragraph at lines 126--126
\T1/ptm/m/n/10 28 kinds
 []


Underfull \hbox (badness 10000) in paragraph at lines 126--126
\T1/ptm/m/n/10 of lane
 []


Overfull \hbox (7.62987pt too wide) in paragraph at lines 126--126
[]|\T1/ptm/m/n/10 ~543K| 
 []


Overfull \hbox (11.79979pt too wide) in paragraph at lines 126--126
[]|\T1/ptm/m/n/10 ~1.99M| 
 []


Underfull \hbox (badness 10000) in paragraph at lines 126--126
[]|\T1/ptm/m/n/10 Pixel-level
 []


Underfull \hbox (badness 10000) in paragraph at lines 126--126
\T1/ptm/m/n/10 se-man-tic
 []


Underfull \hbox (badness 10000) in paragraph at lines 126--126
\T1/ptm/m/n/10 seg-men-ta-
 []


Overfull \hbox (5.54942pt too wide) in paragraph at lines 126--126
[]|\T1/ptm/b/n/10 Cityscapes
 []


Underfull \hbox (badness 10000) in paragraph at lines 126--126
[]|\T1/ptm/m/n/10 1 stereo cam-
 []


Underfull \hbox (badness 10000) in paragraph at lines 126--126
\T1/ptm/m/n/10 era of res
 []


Underfull \hbox (badness 1400) in paragraph at lines 126--126
\T1/ptm/m/n/10 1920x1080 (On-
 []


Underfull \hbox (badness 10000) in paragraph at lines 126--126
\T1/ptm/m/n/10 Semi AR0331)
 []


Underfull \hbox (badness 10000) in paragraph at lines 126--126
[]|\T1/ptm/m/n/10 GPS,
 []


Underfull \hbox (badness 10000) in paragraph at lines 126--126
\T1/ptm/m/n/10 per-a-ture,
 []


Underfull \hbox (badness 10000) in paragraph at lines 126--126
\T1/ptm/m/n/10 in-vehicle
 []


Underfull \hbox (badness 10000) in paragraph at lines 126--126
\T1/ptm/m/n/10 odom-e-try
 []


Underfull \hbox (badness 10000) in paragraph at lines 126--126
[]|\T1/ptm/m/n/10 17
 []


Underfull \hbox (badness 10000) in paragraph at lines 126--126
[]|\T1/ptm/m/n/10 1 coun-try,
 []


Underfull \hbox (badness 10000) in paragraph at lines 126--126
\T1/ptm/m/n/10 50 cities,
 []


Underfull \hbox (badness 10000) in paragraph at lines 126--126
[]|\T1/ptm/m/n/10 8 cat-e-
 []


Overfull \hbox (10.12987pt too wide) in paragraph at lines 126--126
[]|\T1/ptm/m/n/10 ~24.4K| 
 []


Overfull \hbox (2.62987pt too wide) in paragraph at lines 126--126
[]|\T1/ptm/m/n/10 ~41K| 
 []


Underfull \hbox (badness 10000) in paragraph at lines 126--126
[]|\T1/ptm/m/n/10 Pixel-level
 []


Underfull \hbox (badness 10000) in paragraph at lines 126--126
\T1/ptm/m/n/10 se-man-tic
 []


Underfull \hbox (badness 10000) in paragraph at lines 126--126
\T1/ptm/m/n/10 seg-men-ta-
 []


Overfull \hbox (6.65991pt too wide) in paragraph at lines 126--126
[]|\T1/ptm/m/n/10 [[]]| 
 []


Underfull \hbox (badness 10000) in paragraph at lines 126--126
[]|\T1/ptm/b/n/10 RoboCar
 []


Underfull \hbox (badness 10000) in paragraph at lines 126--126
[]|\T1/ptm/m/n/10 2 SICK LMS-
 []


Underfull \hbox (badness 1394) in paragraph at lines 126--126
\T1/ptm/m/n/10 with 50m range
 []


Underfull \hbox (badness 3503) in paragraph at lines 126--126
\T1/ptm/m/n/10 (50 Hz) and 1
 []


Underfull \hbox (badness 10000) in paragraph at lines 126--126
\T1/ptm/m/n/10 SICK LD-MRS
 []


Underfull \hbox (badness 10000) in paragraph at lines 126--126
[]|\T1/ptm/m/n/10 4 cam-eras (1
 []


Underfull \hbox (badness 10000) in paragraph at lines 126--126
\T1/ptm/m/n/10 front of res
 []


Underfull \hbox (badness 1742) in paragraph at lines 126--126
\T1/ptm/m/n/10 1280x960 at 16
 []


Underfull \hbox (badness 1371) in paragraph at lines 126--126
\T1/ptm/m/n/10 Hz, 3 for sides
 []


Underfull \hbox (badness 2158) in paragraph at lines 126--126
\T1/ptm/m/n/10 and rear of res
 []


Underfull \hbox (badness 10000) in paragraph at lines 126--126
\T1/ptm/m/n/10 1024x1024 at
 []


Underfull \hbox (badness 7415) in paragraph at lines 126--126
\T1/ptm/m/n/10 city, ur-ban
 []


Underfull \hbox (badness 10000) in paragraph at lines 126--126
[]|\T1/ptm/m/n/10 360s se-quences
 []


Underfull \hbox (badness 10000) in paragraph at lines 126--126
\T1/ptm/m/n/10 of un-known
 []


Overfull \hbox (6.65991pt too wide) in paragraph at lines 126--126
[]|\T1/ptm/m/n/10 [[]]
 []


Overfull \hbox (6.65991pt too wide) in paragraph at lines 126--126
\T1/ptm/m/n/10 [[]]| 
 []


Overfull \hbox (6.65991pt too wide) in paragraph at lines 126--126
[]|\T1/ptm/m/n/10 [[]]| 
 []


Overfull \hbox (5.21692pt too wide) in alignment at lines 126--126
 [] [] [] [] [] [] [] [] [] [] [] [] [] [] 
 []


Underfull \vbox (badness 10000) detected at line 126
 []

[21


] [22]
Underfull \hbox (badness 10000) in paragraph at lines 151--152

 []

) [23

] ("Sequential input Deep Learning Networks.tex") [24]
("Occupancy Grid Map Prediction Methods.tex"
Underfull \hbox (badness 10000) in paragraph at lines 8--9

 []


Underfull \hbox (badness 10000) in paragraph at lines 12--15

 []

[25] [26]) [27] (Conclusion.tex) [28] ("Research Proposal.tex"
Underfull \hbox (badness 10000) in paragraph at lines 2--4

 []


Underfull \hbox (badness 10000) in paragraph at lines 6--7

 []


Underfull \hbox (badness 10000) in paragraph at lines 8--9

 []


Underfull \hbox (badness 10000) in paragraph at lines 13--14

 []


Underfull \hbox (badness 10000) in paragraph at lines 15--16

 []


Underfull \hbox (badness 10000) in paragraph at lines 17--18

 []


Underfull \hbox (badness 10000) in paragraph at lines 19--20

 []


Underfull \hbox (badness 10000) in paragraph at lines 27--28

 []


Underfull \hbox (badness 10000) in paragraph at lines 29--30

 []


Underfull \hbox (badness 10000) in paragraph at lines 31--32

 []

) [29] (Literature_Review_Motion_Prediction_Rutger_Dirks.bbl
(C:\Users\rutge\AppData\Local\Programs\MiKTeX\tex/latex/ucs\uni-32.def
File: uni-32.def 2013/05/13 UCS: Unicode data U+2000..U+20FF
)
[30]
Underfull \hbox (badness 1881) in paragraph at lines 165--167
[]\T1/ptm/m/n/10 H. Manh and G. Alagh-band, ``Scene-lstm: A model for hu-man tr
a-jec-tory pre-dic-tion,'' \T1/ptm/m/it/10 arXiv preprint
 []

[31] [32]
LaTeX Font Info:    Trying to load font information for T1+cmtt on input line 3
29.

(C:\Users\rutge\AppData\Local\Programs\MiKTeX\tex/latex/base\t1cmtt.fd
File: t1cmtt.fd 2019/12/16 v2.5j Standard LaTeX font definitions
)
Underfull \hbox (badness 10000) in paragraph at lines 327--331
[]\T1/ptm/m/n/10 University of Penn-syl-va-nia, ``Robotics: Es-ti-ma-tion and l
earn-ing. 3.2.1. oc-cu-pancy grid map..''
 []


Underfull \hbox (badness 10000) in paragraph at lines 327--331
[][]$\T1/cmtt/m/n/10 https : / / www . coursera . org / lecture / robotics-[]le
arning / 3-[]2-[]1-[]occupancy-[]grid-[]map-[]0QuFW ?
 []

[33] [34]) [35] (Literature_Review_Motion_Prediction_Rutger_Dirks.aux)
Package rerunfilecheck Info: File `Literature_Review_Motion_Prediction_Rutger_D
irks.out' has not changed.
(rerunfilecheck)             Checksum: B58D7E7A92C6501D17B3F9DDEB2DFAA1;4822.
 ) 
Here is how much of TeX's memory you used:
 41551 strings out of 479799
 970480 string characters out of 2869723
 1444359 words of memory out of 3000000
 57495 multiletter control sequences out of 15000+200000
 576088 words of font info for 80 fonts, out of 3000000 for 9000
 1141 hyphenation exceptions out of 8191
 99i,11n,115p,2513b,904s stack positions out of 5000i,500n,10000p,200000b,50000s
 <C:\Users\rutge\AppData\Local\MiKTeX\fonts/pk/ljfour/jknappen/ec/dpi600\ectt
1000.pk> <C:\Users\rutge\AppData\Local\MiKTeX\fonts/pk/ljfour/jknappen/ec/dpi60
0\ecrm0900.pk>{C:/Users/rutge/AppData/Local/Programs/MiKTeX/fonts/enc/dvips/bas
e/8r.enc} <C:\Users\rutge\AppData\Local\MiKTeX\fonts/pk/ljfour/jknappen/ec/dpi6
00\ecbx1200.pk> <C:\Users\rutge\AppData\Local\MiKTeX\fonts/pk/ljfour/jknappen/e
c/dpi600\ecbx1000.pk> <C:\Users\rutge\AppData\Local\MiKTeX\fonts/pk/ljfour/jkna
ppen/ec/dpi600\ecbx1440.pk> <C:\Users\rutge\AppData\Local\MiKTeX\fonts/pk/ljfou
r/jknappen/ec/dpi600\ecrm1000.pk><C:/Users/rutge/AppData/Local/Programs/MiKTeX/
fonts/type1/public/amsfonts/cm/cmex10.pfb><C:/Users/rutge/AppData/Local/Program
s/MiKTeX/fonts/type1/public/amsfonts/cm/cmmi10.pfb><C:/Users/rutge/AppData/Loca
l/Programs/MiKTeX/fonts/type1/public/amsfonts/cm/cmmi7.pfb><C:/Users/rutge/AppD
ata/Local/Programs/MiKTeX/fonts/type1/public/amsfonts/cm/cmr10.pfb><C:/Users/ru
tge/AppData/Local/Programs/MiKTeX/fonts/type1/public/amsfonts/cm/cmr5.pfb><C:/U
sers/rutge/AppData/Local/Programs/MiKTeX/fonts/type1/public/amsfonts/cm/cmr7.pf
b><C:/Users/rutge/AppData/Local/Programs/MiKTeX/fonts/type1/public/amsfonts/cm/
cmsy10.pfb><C:/Users/rutge/AppData/Local/Programs/MiKTeX/fonts/type1/public/ams
fonts/cm/cmsy5.pfb><C:/Users/rutge/AppData/Local/Programs/MiKTeX/fonts/type1/pu
blic/amsfonts/cm/cmsy7.pfb><C:/Users/rutge/AppData/Local/Programs/MiKTeX/fonts/
type1/urw/times/utmb8a.pfb><C:/Users/rutge/AppData/Local/Programs/MiKTeX/fonts/
type1/urw/times/utmr8a.pfb><C:/Users/rutge/AppData/Local/Programs/MiKTeX/fonts/
type1/urw/times/utmri8a.pfb>
Output written on Literature_Review_Motion_Prediction_Rutger_Dirks.pdf (36 page
s, 1339758 bytes).
PDF statistics:
 1681 PDF objects out of 1728 (max. 8388607)
 265 named destinations out of 1000 (max. 500000)
 615 words of extra memory for PDF output out of 10000 (max. 10000000)

